This is XeTeX, Version 3.141592653-2.6-0.999996 (TeX Live 2024) (preloaded format=xelatex 2024.9.1)  4 JUN 2025 17:31
entering extended mode
 restricted \write18 enabled.
 %&-line parsing enabled.
**index.tex
(./index.tex
LaTeX2e <2024-06-01> patch level 2
L3 programming layer <2024-08-16>
(c:/Users/mattd/AppData/Roaming/TinyTeX/texmf-dist/tex/latex/base/book.cls
Document Class: book 2024/02/08 v1.4n Standard LaTeX document class
(c:/Users/mattd/AppData/Roaming/TinyTeX/texmf-dist/tex/latex/base/bk10.clo
File: bk10.clo 2024/02/08 v1.4n Standard LaTeX file (size option)
)
\c@part=\count190
\c@chapter=\count191
\c@section=\count192
\c@subsection=\count193
\c@subsubsection=\count194
\c@paragraph=\count195
\c@subparagraph=\count196
\c@figure=\count197
\c@table=\count198
\abovecaptionskip=\skip49
\belowcaptionskip=\skip50
\bibindent=\dimen141
) (c:/Users/mattd/AppData/Roaming/TinyTeX/texmf-dist/tex/latex/amsmath/amsmath.sty
Package: amsmath 2024/05/23 v2.17q AMS math features
\@mathmargin=\skip51
For additional information on amsmath, use the `?' option.
(c:/Users/mattd/AppData/Roaming/TinyTeX/texmf-dist/tex/latex/amsmath/amstext.sty
Package: amstext 2021/08/26 v2.01 AMS text
(c:/Users/mattd/AppData/Roaming/TinyTeX/texmf-dist/tex/latex/amsmath/amsgen.sty
File: amsgen.sty 1999/11/30 v2.0 generic functions
\@emptytoks=\toks17
\ex@=\dimen142
)) (c:/Users/mattd/AppData/Roaming/TinyTeX/texmf-dist/tex/latex/amsmath/amsbsy.sty
Package: amsbsy 1999/11/29 v1.2d Bold Symbols
\pmbraise@=\dimen143
) (c:/Users/mattd/AppData/Roaming/TinyTeX/texmf-dist/tex/latex/amsmath/amsopn.sty
Package: amsopn 2022/04/08 v2.04 operator names
)
\inf@bad=\count199
LaTeX Info: Redefining \frac on input line 233.
\uproot@=\count266
\leftroot@=\count267
LaTeX Info: Redefining \overline on input line 398.
LaTeX Info: Redefining \colon on input line 409.
\classnum@=\count268
\DOTSCASE@=\count269
LaTeX Info: Redefining \ldots on input line 495.
LaTeX Info: Redefining \dots on input line 498.
LaTeX Info: Redefining \cdots on input line 619.
\Mathstrutbox@=\box52
\strutbox@=\box53
LaTeX Info: Redefining \big on input line 721.
LaTeX Info: Redefining \Big on input line 722.
LaTeX Info: Redefining \bigg on input line 723.
LaTeX Info: Redefining \Bigg on input line 724.
\big@size=\dimen144
LaTeX Font Info:    Redeclaring font encoding OML on input line 742.
LaTeX Font Info:    Redeclaring font encoding OMS on input line 743.
\macc@depth=\count270
LaTeX Info: Redefining \bmod on input line 904.
LaTeX Info: Redefining \pmod on input line 909.
LaTeX Info: Redefining \smash on input line 939.
LaTeX Info: Redefining \relbar on input line 969.
LaTeX Info: Redefining \Relbar on input line 970.
\c@MaxMatrixCols=\count271
\dotsspace@=\muskip17
\c@parentequation=\count272
\dspbrk@lvl=\count273
\tag@help=\toks18
\row@=\count274
\column@=\count275
\maxfields@=\count276
\andhelp@=\toks19
\eqnshift@=\dimen145
\alignsep@=\dimen146
\tagshift@=\dimen147
\tagwidth@=\dimen148
\totwidth@=\dimen149
\lineht@=\dimen150
\@envbody=\toks20
\multlinegap=\skip52
\multlinetaggap=\skip53
\mathdisplay@stack=\toks21
LaTeX Info: Redefining \[ on input line 2953.
LaTeX Info: Redefining \] on input line 2954.
) (c:/Users/mattd/AppData/Roaming/TinyTeX/texmf-dist/tex/latex/amsfonts/amssymb.sty
Package: amssymb 2013/01/14 v3.01 AMS font symbols
(c:/Users/mattd/AppData/Roaming/TinyTeX/texmf-dist/tex/latex/amsfonts/amsfonts.sty
Package: amsfonts 2013/01/14 v3.01 Basic AMSFonts support
\symAMSa=\mathgroup4
\symAMSb=\mathgroup5
LaTeX Font Info:    Redeclaring math symbol \hbar on input line 98.
LaTeX Font Info:    Overwriting math alphabet `\mathfrak' in version `bold'
(Font)                  U/euf/m/n --> U/euf/b/n on input line 106.
)) (c:/Users/mattd/AppData/Roaming/TinyTeX/texmf-dist/tex/generic/iftex/iftex.sty
Package: iftex 2022/02/03 v1.0f TeX engine tests
) (c:/Users/mattd/AppData/Roaming/TinyTeX/texmf-dist/tex/latex/unicode-math/unicode-math.sty (c:/Users/mattd/AppData/Roaming/TinyTeX/texmf-dist/tex/latex/l3kernel/expl3.sty
Package: expl3 2024-08-16 L3 programming layer (loader) 
(c:/Users/mattd/AppData/Roaming/TinyTeX/texmf-dist/tex/latex/l3backend/l3backend-xetex.def
File: l3backend-xetex.def 2024-05-08 L3 backend support: XeTeX
\g__graphics_track_int=\count277
\l__pdf_internal_box=\box54
\g__pdf_backend_annotation_int=\count278
\g__pdf_backend_link_int=\count279
))
Package: unicode-math 2023/08/13 v0.8r Unicode maths in XeLaTeX and LuaLaTeX
(c:/Users/mattd/AppData/Roaming/TinyTeX/texmf-dist/tex/latex/unicode-math/unicode-math-xetex.sty
Package: unicode-math-xetex 2023/08/13 v0.8r Unicode maths in XeLaTeX and LuaLaTeX
(c:/Users/mattd/AppData/Roaming/TinyTeX/texmf-dist/tex/latex/l3packages/xparse/xparse.sty
Package: xparse 2024-08-16 L3 Experimental document command parser
) (c:/Users/mattd/AppData/Roaming/TinyTeX/texmf-dist/tex/latex/l3packages/l3keys2e/l3keys2e.sty
Package: l3keys2e 2024-08-16 LaTeX2e option processing using LaTeX3 keys
) (c:/Users/mattd/AppData/Roaming/TinyTeX/texmf-dist/tex/latex/fontspec/fontspec.sty
Package: fontspec 2024/05/11 v2.9e Font selection for XeLaTeX and LuaLaTeX
(c:/Users/mattd/AppData/Roaming/TinyTeX/texmf-dist/tex/latex/fontspec/fontspec-xetex.sty
Package: fontspec-xetex 2024/05/11 v2.9e Font selection for XeLaTeX and LuaLaTeX
\l__fontspec_script_int=\count280
\l__fontspec_language_int=\count281
\l__fontspec_strnum_int=\count282
\l__fontspec_tmp_int=\count283
\l__fontspec_tmpa_int=\count284
\l__fontspec_tmpb_int=\count285
\l__fontspec_tmpc_int=\count286
\l__fontspec_em_int=\count287
\l__fontspec_emdef_int=\count288
\l__fontspec_strong_int=\count289
\l__fontspec_strongdef_int=\count290
\l__fontspec_tmpa_dim=\dimen151
\l__fontspec_tmpb_dim=\dimen152
\l__fontspec_tmpc_dim=\dimen153
(c:/Users/mattd/AppData/Roaming/TinyTeX/texmf-dist/tex/latex/base/fontenc.sty
Package: fontenc 2021/04/29 v2.0v Standard LaTeX package
) (c:/Users/mattd/AppData/Roaming/TinyTeX/texmf-dist/tex/latex/fontspec/fontspec.cfg))) (c:/Users/mattd/AppData/Roaming/TinyTeX/texmf-dist/tex/latex/base/fix-cm.sty
Package: fix-cm 2020/11/24 v1.1t fixes to LaTeX
(c:/Users/mattd/AppData/Roaming/TinyTeX/texmf-dist/tex/latex/base/ts1enc.def
File: ts1enc.def 2001/06/05 v3.0e (jk/car/fm) Standard LaTeX file
LaTeX Font Info:    Redeclaring font encoding TS1 on input line 47.
))
\g__um_fam_int=\count291
\g__um_fonts_used_int=\count292
\l__um_primecount_int=\count293
\g__um_primekern_muskip=\muskip18
(c:/Users/mattd/AppData/Roaming/TinyTeX/texmf-dist/tex/latex/unicode-math/unicode-math-table.tex))) (c:/Users/mattd/AppData/Roaming/TinyTeX/texmf-dist/tex/latex/lm/lmodern.sty
Package: lmodern 2015/05/01 v1.6.1 Latin Modern Fonts
LaTeX Font Info:    Overwriting symbol font `operators' in version `normal'
(Font)                  OT1/cmr/m/n --> OT1/lmr/m/n on input line 22.
LaTeX Font Info:    Overwriting symbol font `letters' in version `normal'
(Font)                  OML/cmm/m/it --> OML/lmm/m/it on input line 23.
LaTeX Font Info:    Overwriting symbol font `symbols' in version `normal'
(Font)                  OMS/cmsy/m/n --> OMS/lmsy/m/n on input line 24.
LaTeX Font Info:    Overwriting symbol font `largesymbols' in version `normal'
(Font)                  OMX/cmex/m/n --> OMX/lmex/m/n on input line 25.
LaTeX Font Info:    Overwriting symbol font `operators' in version `bold'
(Font)                  OT1/cmr/bx/n --> OT1/lmr/bx/n on input line 26.
LaTeX Font Info:    Overwriting symbol font `letters' in version `bold'
(Font)                  OML/cmm/b/it --> OML/lmm/b/it on input line 27.
LaTeX Font Info:    Overwriting symbol font `symbols' in version `bold'
(Font)                  OMS/cmsy/b/n --> OMS/lmsy/b/n on input line 28.
LaTeX Font Info:    Overwriting symbol font `largesymbols' in version `bold'
(Font)                  OMX/cmex/m/n --> OMX/lmex/m/n on input line 29.
LaTeX Font Info:    Overwriting math alphabet `\mathbf' in version `normal'
(Font)                  OT1/cmr/bx/n --> OT1/lmr/bx/n on input line 31.
LaTeX Font Info:    Overwriting math alphabet `\mathsf' in version `normal'
(Font)                  OT1/cmss/m/n --> OT1/lmss/m/n on input line 32.
LaTeX Font Info:    Overwriting math alphabet `\mathit' in version `normal'
(Font)                  OT1/cmr/m/it --> OT1/lmr/m/it on input line 33.
LaTeX Font Info:    Overwriting math alphabet `\mathtt' in version `normal'
(Font)                  OT1/cmtt/m/n --> OT1/lmtt/m/n on input line 34.
LaTeX Font Info:    Overwriting math alphabet `\mathbf' in version `bold'
(Font)                  OT1/cmr/bx/n --> OT1/lmr/bx/n on input line 35.
LaTeX Font Info:    Overwriting math alphabet `\mathsf' in version `bold'
(Font)                  OT1/cmss/bx/n --> OT1/lmss/bx/n on input line 36.
LaTeX Font Info:    Overwriting math alphabet `\mathit' in version `bold'
(Font)                  OT1/cmr/bx/it --> OT1/lmr/bx/it on input line 37.
LaTeX Font Info:    Overwriting math alphabet `\mathtt' in version `bold'
(Font)                  OT1/cmtt/m/n --> OT1/lmtt/m/n on input line 38.
) (c:/Users/mattd/AppData/Roaming/TinyTeX/texmf-dist/tex/latex/upquote/upquote.sty
Package: upquote 2012/04/19 v1.3 upright-quote and grave-accent glyphs in verbatim
(c:/Users/mattd/AppData/Roaming/TinyTeX/texmf-dist/tex/latex/base/textcomp.sty
Package: textcomp 2024/04/24 v2.1b Standard LaTeX package
)) (c:/Users/mattd/AppData/Roaming/TinyTeX/texmf-dist/tex/latex/microtype/microtype.sty
Package: microtype 2024/03/29 v3.1b Micro-typographical refinements (RS)
(c:/Users/mattd/AppData/Roaming/TinyTeX/texmf-dist/tex/latex/graphics/keyval.sty
Package: keyval 2022/05/29 v1.15 key=value parser (DPC)
\KV@toks@=\toks22
) (c:/Users/mattd/AppData/Roaming/TinyTeX/texmf-dist/tex/latex/etoolbox/etoolbox.sty
Package: etoolbox 2020/10/05 v2.5k e-TeX tools for LaTeX (JAW)
\etb@tempcnta=\count294
)
\MT@toks=\toks23
\MT@tempbox=\box55
\MT@count=\count295
LaTeX Info: Redefining \noprotrusionifhmode on input line 1061.
LaTeX Info: Redefining \leftprotrusion on input line 1062.
\MT@prot@toks=\toks24
LaTeX Info: Redefining \rightprotrusion on input line 1081.
LaTeX Info: Redefining \textls on input line 1392.
\MT@outer@kern=\dimen154
LaTeX Info: Redefining \textmicrotypecontext on input line 2013.
\MT@listname@count=\count296
(c:/Users/mattd/AppData/Roaming/TinyTeX/texmf-dist/tex/latex/microtype/microtype-xetex.def
File: microtype-xetex.def 2024/03/29 v3.1b Definitions specific to xetex (RS)
LaTeX Info: Redefining \lsstyle on input line 238.
)
Package microtype Info: Loading configuration file microtype.cfg.
(c:/Users/mattd/AppData/Roaming/TinyTeX/texmf-dist/tex/latex/microtype/microtype.cfg
File: microtype.cfg 2024/03/29 v3.1b microtype main configuration file (RS)
)) (c:/Users/mattd/AppData/Roaming/TinyTeX/texmf-dist/tex/latex/parskip/parskip.sty
Package: parskip 2021-03-14 v2.0h non-zero parskip adjustments
(c:/Users/mattd/AppData/Roaming/TinyTeX/texmf-dist/tex/latex/kvoptions/kvoptions.sty
Package: kvoptions 2022-06-15 v3.15 Key value format for package options (HO)
(c:/Users/mattd/AppData/Roaming/TinyTeX/texmf-dist/tex/generic/ltxcmds/ltxcmds.sty
Package: ltxcmds 2023-12-04 v1.26 LaTeX kernel commands for general use (HO)
) (c:/Users/mattd/AppData/Roaming/TinyTeX/texmf-dist/tex/latex/kvsetkeys/kvsetkeys.sty
Package: kvsetkeys 2022-10-05 v1.19 Key value parser (HO)
))) (c:/Users/mattd/AppData/Roaming/TinyTeX/texmf-dist/tex/latex/xcolor/xcolor.sty
Package: xcolor 2023/11/15 v3.01 LaTeX color extensions (UK)
(c:/Users/mattd/AppData/Roaming/TinyTeX/texmf-dist/tex/latex/graphics-cfg/color.cfg
File: color.cfg 2016/01/02 v1.6 sample color configuration
)
Package xcolor Info: Driver file: xetex.def on input line 274.
(c:/Users/mattd/AppData/Roaming/TinyTeX/texmf-dist/tex/latex/graphics-def/xetex.def
File: xetex.def 2022/09/22 v5.0n Graphics/color driver for xetex
) (c:/Users/mattd/AppData/Roaming/TinyTeX/texmf-dist/tex/latex/graphics/mathcolor.ltx)
Package xcolor Info: Model `cmy' substituted by `cmy0' on input line 1350.
Package xcolor Info: Model `RGB' extended on input line 1366.
Package xcolor Info: Model `HTML' substituted by `rgb' on input line 1368.
Package xcolor Info: Model `Hsb' substituted by `hsb' on input line 1369.
Package xcolor Info: Model `tHsb' substituted by `hsb' on input line 1370.
Package xcolor Info: Model `HSB' substituted by `hsb' on input line 1371.
Package xcolor Info: Model `Gray' substituted by `gray' on input line 1372.
Package xcolor Info: Model `wave' substituted by `hsb' on input line 1373.
) (c:/Users/mattd/AppData/Roaming/TinyTeX/texmf-dist/tex/generic/soul/soul.sty
Package: soul 2023-06-14 v3.1 Permit use of UTF-8 characters in soul (HO)
(c:/Users/mattd/AppData/Roaming/TinyTeX/texmf-dist/tex/generic/soul/soul-ori.sty
Package: soul-ori 2023-06-14 v3.1 letterspacing/underlining (mf)
\SOUL@word=\toks25
\SOUL@lasttoken=\toks26
\SOUL@syllable=\toks27
\SOUL@cmds=\toks28
\SOUL@buffer=\toks29
\SOUL@token=\toks30
\SOUL@syllgoal=\dimen155
\SOUL@syllwidth=\dimen156
\SOUL@charkern=\dimen157
\SOUL@hyphkern=\dimen158
\SOUL@dimen=\dimen159
\SOUL@dimeni=\dimen160
\SOUL@minus=\count297
\SOUL@comma=\count298
\SOUL@apo=\count299
\SOUL@grave=\count300
\SOUL@spaceskip=\skip54
\SOUL@ttwidth=\dimen161
\SOUL@uldp=\dimen162
\SOUL@ulht=\dimen163
) (c:/Users/mattd/AppData/Roaming/TinyTeX/texmf-dist/tex/generic/infwarerr/infwarerr.sty
Package: infwarerr 2019/12/03 v1.5 Providing info/warning/error messages (HO)
) (c:/Users/mattd/AppData/Roaming/TinyTeX/texmf-dist/tex/generic/etexcmds/etexcmds.sty
Package: etexcmds 2019/12/15 v1.7 Avoid name clashes with e-TeX commands (HO)
)) (c:/Users/mattd/AppData/Roaming/TinyTeX/texmf-dist/tex/latex/fancyvrb/fancyvrb.sty
Package: fancyvrb 2024/01/20 4.5c verbatim text (tvz,hv)
\FV@CodeLineNo=\count301
\FV@InFile=\read2
\FV@TabBox=\box56
\c@FancyVerbLine=\count302
\FV@StepNumber=\count303
\FV@OutFile=\write3
) (c:/Users/mattd/AppData/Roaming/TinyTeX/texmf-dist/tex/latex/framed/framed.sty
Package: framed 2011/10/22 v 0.96: framed or shaded text with page breaks
\OuterFrameSep=\skip55
\fb@frw=\dimen164
\fb@frh=\dimen165
\FrameRule=\dimen166
\FrameSep=\dimen167
) (c:/Users/mattd/AppData/Roaming/TinyTeX/texmf-dist/tex/latex/tools/longtable.sty
Package: longtable 2024-04-26 v4.20 Multi-page Table package (DPC)
\LTleft=\skip56
\LTright=\skip57
\LTpre=\skip58
\LTpost=\skip59
\LTchunksize=\count304
\LTcapwidth=\dimen168
\LT@head=\box57
\LT@firsthead=\box58
\LT@foot=\box59
\LT@lastfoot=\box60
\LT@gbox=\box61
\LT@cols=\count305
\LT@rows=\count306
\c@LT@tables=\count307
\c@LT@chunks=\count308
\LT@p@ftn=\toks31
) (c:/Users/mattd/AppData/Roaming/TinyTeX/texmf-dist/tex/latex/booktabs/booktabs.sty
Package: booktabs 2020/01/12 v1.61803398 Publication quality tables
\heavyrulewidth=\dimen169
\lightrulewidth=\dimen170
\cmidrulewidth=\dimen171
\belowrulesep=\dimen172
\belowbottomsep=\dimen173
\aboverulesep=\dimen174
\abovetopsep=\dimen175
\cmidrulesep=\dimen176
\cmidrulekern=\dimen177
\defaultaddspace=\dimen178
\@cmidla=\count309
\@cmidlb=\count310
\@aboverulesep=\dimen179
\@belowrulesep=\dimen180
\@thisruleclass=\count311
\@lastruleclass=\count312
\@thisrulewidth=\dimen181
) (c:/Users/mattd/AppData/Roaming/TinyTeX/texmf-dist/tex/latex/tools/array.sty
Package: array 2024/06/14 v2.6d Tabular extension package (FMi)
\col@sep=\dimen182
\ar@mcellbox=\box62
\extrarowheight=\dimen183
\NC@list=\toks32
\extratabsurround=\skip60
\backup@length=\skip61
\ar@cellbox=\box63
) (c:/Users/mattd/AppData/Roaming/TinyTeX/texmf-dist/tex/latex/tools/calc.sty
Package: calc 2023/07/08 v4.3 Infix arithmetic (KKT,FJ)
\calc@Acount=\count313
\calc@Bcount=\count314
\calc@Adimen=\dimen184
\calc@Bdimen=\dimen185
\calc@Askip=\skip62
\calc@Bskip=\skip63
LaTeX Info: Redefining \setlength on input line 80.
LaTeX Info: Redefining \addtolength on input line 81.
\calc@Ccount=\count315
\calc@Cskip=\skip64
) (c:/Users/mattd/AppData/Roaming/TinyTeX/texmf-dist/tex/latex/mdwtools/footnote.sty
Package: footnote 1997/01/28 1.13 Save footnotes around boxes
\fn@notes=\box64
\fn@width=\dimen186
) (c:/Users/mattd/AppData/Roaming/TinyTeX/texmf-dist/tex/latex/graphics/graphicx.sty
Package: graphicx 2021/09/16 v1.2d Enhanced LaTeX Graphics (DPC,SPQR)
(c:/Users/mattd/AppData/Roaming/TinyTeX/texmf-dist/tex/latex/graphics/graphics.sty
Package: graphics 2024/05/23 v1.4g Standard LaTeX Graphics (DPC,SPQR)
(c:/Users/mattd/AppData/Roaming/TinyTeX/texmf-dist/tex/latex/graphics/trig.sty
Package: trig 2023/12/02 v1.11 sin cos tan (DPC)
) (c:/Users/mattd/AppData/Roaming/TinyTeX/texmf-dist/tex/latex/graphics-cfg/graphics.cfg
File: graphics.cfg 2016/06/04 v1.11 sample graphics configuration
)
Package graphics Info: Driver file: xetex.def on input line 106.
)
\Gin@req@height=\dimen187
\Gin@req@width=\dimen188
)
\pandoc@box=\box65
\cslhangindent=\skip65
\csllabelwidth=\skip66
(c:/Users/mattd/AppData/Roaming/TinyTeX/texmf-dist/tex/latex/tcolorbox/tcolorbox.sty
Package: tcolorbox 2024/07/10 version 6.3.0 text color boxes
(c:/Users/mattd/AppData/Roaming/TinyTeX/texmf-dist/tex/latex/pgf/frontendlayer/tikz.sty (c:/Users/mattd/AppData/Roaming/TinyTeX/texmf-dist/tex/latex/pgf/basiclayer/pgf.sty (c:/Users/mattd/AppData/Roaming/TinyTeX/texmf-dist/tex/latex/pgf/utilities/pgfrcs.sty (c:/Users/mattd/AppData/Roaming/TinyTeX/texmf-dist/tex/generic/pgf/utilities/pgfutil-common.tex
\pgfutil@everybye=\toks33
\pgfutil@tempdima=\dimen189
\pgfutil@tempdimb=\dimen190
) (c:/Users/mattd/AppData/Roaming/TinyTeX/texmf-dist/tex/generic/pgf/utilities/pgfutil-latex.def
\pgfutil@abb=\box66
) (c:/Users/mattd/AppData/Roaming/TinyTeX/texmf-dist/tex/generic/pgf/utilities/pgfrcs.code.tex (c:/Users/mattd/AppData/Roaming/TinyTeX/texmf-dist/tex/generic/pgf/pgf.revision.tex)
Package: pgfrcs 2023-01-15 v3.1.10 (3.1.10)
))
Package: pgf 2023-01-15 v3.1.10 (3.1.10)
(c:/Users/mattd/AppData/Roaming/TinyTeX/texmf-dist/tex/latex/pgf/basiclayer/pgfcore.sty (c:/Users/mattd/AppData/Roaming/TinyTeX/texmf-dist/tex/latex/pgf/systemlayer/pgfsys.sty (c:/Users/mattd/AppData/Roaming/TinyTeX/texmf-dist/tex/generic/pgf/systemlayer/pgfsys.code.tex
Package: pgfsys 2023-01-15 v3.1.10 (3.1.10)
(c:/Users/mattd/AppData/Roaming/TinyTeX/texmf-dist/tex/generic/pgf/utilities/pgfkeys.code.tex
\pgfkeys@pathtoks=\toks34
\pgfkeys@temptoks=\toks35
(c:/Users/mattd/AppData/Roaming/TinyTeX/texmf-dist/tex/generic/pgf/utilities/pgfkeyslibraryfiltered.code.tex
\pgfkeys@tmptoks=\toks36
))
\pgf@x=\dimen191
\pgf@y=\dimen192
\pgf@xa=\dimen193
\pgf@ya=\dimen194
\pgf@xb=\dimen195
\pgf@yb=\dimen196
\pgf@xc=\dimen197
\pgf@yc=\dimen198
\pgf@xd=\dimen199
\pgf@yd=\dimen256
\w@pgf@writea=\write4
\r@pgf@reada=\read3
\c@pgf@counta=\count316
\c@pgf@countb=\count317
\c@pgf@countc=\count318
\c@pgf@countd=\count319
\t@pgf@toka=\toks37
\t@pgf@tokb=\toks38
\t@pgf@tokc=\toks39
\pgf@sys@id@count=\count320
(c:/Users/mattd/AppData/Roaming/TinyTeX/texmf-dist/tex/generic/pgf/systemlayer/pgf.cfg
File: pgf.cfg 2023-01-15 v3.1.10 (3.1.10)
)
Driver file for pgf: pgfsys-xetex.def
(c:/Users/mattd/AppData/Roaming/TinyTeX/texmf-dist/tex/generic/pgf/systemlayer/pgfsys-xetex.def
File: pgfsys-xetex.def 2023-01-15 v3.1.10 (3.1.10)
(c:/Users/mattd/AppData/Roaming/TinyTeX/texmf-dist/tex/generic/pgf/systemlayer/pgfsys-dvipdfmx.def
File: pgfsys-dvipdfmx.def 2023-01-15 v3.1.10 (3.1.10)
(c:/Users/mattd/AppData/Roaming/TinyTeX/texmf-dist/tex/generic/pgf/systemlayer/pgfsys-common-pdf.def
File: pgfsys-common-pdf.def 2023-01-15 v3.1.10 (3.1.10)
)
\pgfsys@objnum=\count321
))) (c:/Users/mattd/AppData/Roaming/TinyTeX/texmf-dist/tex/generic/pgf/systemlayer/pgfsyssoftpath.code.tex
File: pgfsyssoftpath.code.tex 2023-01-15 v3.1.10 (3.1.10)
\pgfsyssoftpath@smallbuffer@items=\count322
\pgfsyssoftpath@bigbuffer@items=\count323
) (c:/Users/mattd/AppData/Roaming/TinyTeX/texmf-dist/tex/generic/pgf/systemlayer/pgfsysprotocol.code.tex
File: pgfsysprotocol.code.tex 2023-01-15 v3.1.10 (3.1.10)
)) (c:/Users/mattd/AppData/Roaming/TinyTeX/texmf-dist/tex/generic/pgf/basiclayer/pgfcore.code.tex
Package: pgfcore 2023-01-15 v3.1.10 (3.1.10)
(c:/Users/mattd/AppData/Roaming/TinyTeX/texmf-dist/tex/generic/pgf/math/pgfmath.code.tex (c:/Users/mattd/AppData/Roaming/TinyTeX/texmf-dist/tex/generic/pgf/math/pgfmathutil.code.tex) (c:/Users/mattd/AppData/Roaming/TinyTeX/texmf-dist/tex/generic/pgf/math/pgfmathparser.code.tex
\pgfmath@dimen=\dimen257
\pgfmath@count=\count324
\pgfmath@box=\box67
\pgfmath@toks=\toks40
\pgfmath@stack@operand=\toks41
\pgfmath@stack@operation=\toks42
) (c:/Users/mattd/AppData/Roaming/TinyTeX/texmf-dist/tex/generic/pgf/math/pgfmathfunctions.code.tex) (c:/Users/mattd/AppData/Roaming/TinyTeX/texmf-dist/tex/generic/pgf/math/pgfmathfunctions.basic.code.tex) (c:/Users/mattd/AppData/Roaming/TinyTeX/texmf-dist/tex/generic/pgf/math/pgfmathfunctions.trigonometric.code.tex) (c:/Users/mattd/AppData/Roaming/TinyTeX/texmf-dist/tex/generic/pgf/math/pgfmathfunctions.random.code.tex) (c:/Users/mattd/AppData/Roaming/TinyTeX/texmf-dist/tex/generic/pgf/math/pgfmathfunctions.comparison.code.tex) (c:/Users/mattd/AppData/Roaming/TinyTeX/texmf-dist/tex/generic/pgf/math/pgfmathfunctions.base.code.tex) (c:/Users/mattd/AppData/Roaming/TinyTeX/texmf-dist/tex/generic/pgf/math/pgfmathfunctions.round.code.tex) (c:/Users/mattd/AppData/Roaming/TinyTeX/texmf-dist/tex/generic/pgf/math/pgfmathfunctions.misc.code.tex) (c:/Users/mattd/AppData/Roaming/TinyTeX/texmf-dist/tex/generic/pgf/math/pgfmathfunctions.integerarithmetics.code.tex) (c:/Users/mattd/AppData/Roaming/TinyTeX/texmf-dist/tex/generic/pgf/math/pgfmathcalc.code.tex) (c:/Users/mattd/AppData/Roaming/TinyTeX/texmf-dist/tex/generic/pgf/math/pgfmathfloat.code.tex
\c@pgfmathroundto@lastzeros=\count325
)) (c:/Users/mattd/AppData/Roaming/TinyTeX/texmf-dist/tex/generic/pgf/math/pgfint.code.tex) (c:/Users/mattd/AppData/Roaming/TinyTeX/texmf-dist/tex/generic/pgf/basiclayer/pgfcorepoints.code.tex
File: pgfcorepoints.code.tex 2023-01-15 v3.1.10 (3.1.10)
\pgf@picminx=\dimen258
\pgf@picmaxx=\dimen259
\pgf@picminy=\dimen260
\pgf@picmaxy=\dimen261
\pgf@pathminx=\dimen262
\pgf@pathmaxx=\dimen263
\pgf@pathminy=\dimen264
\pgf@pathmaxy=\dimen265
\pgf@xx=\dimen266
\pgf@xy=\dimen267
\pgf@yx=\dimen268
\pgf@yy=\dimen269
\pgf@zx=\dimen270
\pgf@zy=\dimen271
) (c:/Users/mattd/AppData/Roaming/TinyTeX/texmf-dist/tex/generic/pgf/basiclayer/pgfcorepathconstruct.code.tex
File: pgfcorepathconstruct.code.tex 2023-01-15 v3.1.10 (3.1.10)
\pgf@path@lastx=\dimen272
\pgf@path@lasty=\dimen273
) (c:/Users/mattd/AppData/Roaming/TinyTeX/texmf-dist/tex/generic/pgf/basiclayer/pgfcorepathusage.code.tex
File: pgfcorepathusage.code.tex 2023-01-15 v3.1.10 (3.1.10)
\pgf@shorten@end@additional=\dimen274
\pgf@shorten@start@additional=\dimen275
) (c:/Users/mattd/AppData/Roaming/TinyTeX/texmf-dist/tex/generic/pgf/basiclayer/pgfcorescopes.code.tex
File: pgfcorescopes.code.tex 2023-01-15 v3.1.10 (3.1.10)
\pgfpic=\box68
\pgf@hbox=\box69
\pgf@layerbox@main=\box70
\pgf@picture@serial@count=\count326
) (c:/Users/mattd/AppData/Roaming/TinyTeX/texmf-dist/tex/generic/pgf/basiclayer/pgfcoregraphicstate.code.tex
File: pgfcoregraphicstate.code.tex 2023-01-15 v3.1.10 (3.1.10)
\pgflinewidth=\dimen276
) (c:/Users/mattd/AppData/Roaming/TinyTeX/texmf-dist/tex/generic/pgf/basiclayer/pgfcoretransformations.code.tex
File: pgfcoretransformations.code.tex 2023-01-15 v3.1.10 (3.1.10)
\pgf@pt@x=\dimen277
\pgf@pt@y=\dimen278
\pgf@pt@temp=\dimen279
) (c:/Users/mattd/AppData/Roaming/TinyTeX/texmf-dist/tex/generic/pgf/basiclayer/pgfcorequick.code.tex
File: pgfcorequick.code.tex 2023-01-15 v3.1.10 (3.1.10)
) (c:/Users/mattd/AppData/Roaming/TinyTeX/texmf-dist/tex/generic/pgf/basiclayer/pgfcoreobjects.code.tex
File: pgfcoreobjects.code.tex 2023-01-15 v3.1.10 (3.1.10)
) (c:/Users/mattd/AppData/Roaming/TinyTeX/texmf-dist/tex/generic/pgf/basiclayer/pgfcorepathprocessing.code.tex
File: pgfcorepathprocessing.code.tex 2023-01-15 v3.1.10 (3.1.10)
) (c:/Users/mattd/AppData/Roaming/TinyTeX/texmf-dist/tex/generic/pgf/basiclayer/pgfcorearrows.code.tex
File: pgfcorearrows.code.tex 2023-01-15 v3.1.10 (3.1.10)
\pgfarrowsep=\dimen280
) (c:/Users/mattd/AppData/Roaming/TinyTeX/texmf-dist/tex/generic/pgf/basiclayer/pgfcoreshade.code.tex
File: pgfcoreshade.code.tex 2023-01-15 v3.1.10 (3.1.10)
\pgf@max=\dimen281
\pgf@sys@shading@range@num=\count327
\pgf@shadingcount=\count328
) (c:/Users/mattd/AppData/Roaming/TinyTeX/texmf-dist/tex/generic/pgf/basiclayer/pgfcoreimage.code.tex
File: pgfcoreimage.code.tex 2023-01-15 v3.1.10 (3.1.10)
) (c:/Users/mattd/AppData/Roaming/TinyTeX/texmf-dist/tex/generic/pgf/basiclayer/pgfcoreexternal.code.tex
File: pgfcoreexternal.code.tex 2023-01-15 v3.1.10 (3.1.10)
\pgfexternal@startupbox=\box71
) (c:/Users/mattd/AppData/Roaming/TinyTeX/texmf-dist/tex/generic/pgf/basiclayer/pgfcorelayers.code.tex
File: pgfcorelayers.code.tex 2023-01-15 v3.1.10 (3.1.10)
) (c:/Users/mattd/AppData/Roaming/TinyTeX/texmf-dist/tex/generic/pgf/basiclayer/pgfcoretransparency.code.tex
File: pgfcoretransparency.code.tex 2023-01-15 v3.1.10 (3.1.10)
) (c:/Users/mattd/AppData/Roaming/TinyTeX/texmf-dist/tex/generic/pgf/basiclayer/pgfcorepatterns.code.tex
File: pgfcorepatterns.code.tex 2023-01-15 v3.1.10 (3.1.10)
) (c:/Users/mattd/AppData/Roaming/TinyTeX/texmf-dist/tex/generic/pgf/basiclayer/pgfcorerdf.code.tex
File: pgfcorerdf.code.tex 2023-01-15 v3.1.10 (3.1.10)
))) (c:/Users/mattd/AppData/Roaming/TinyTeX/texmf-dist/tex/generic/pgf/modules/pgfmoduleshapes.code.tex
File: pgfmoduleshapes.code.tex 2023-01-15 v3.1.10 (3.1.10)
\pgfnodeparttextbox=\box72
) (c:/Users/mattd/AppData/Roaming/TinyTeX/texmf-dist/tex/generic/pgf/modules/pgfmoduleplot.code.tex
File: pgfmoduleplot.code.tex 2023-01-15 v3.1.10 (3.1.10)
) (c:/Users/mattd/AppData/Roaming/TinyTeX/texmf-dist/tex/latex/pgf/compatibility/pgfcomp-version-0-65.sty
Package: pgfcomp-version-0-65 2023-01-15 v3.1.10 (3.1.10)
\pgf@nodesepstart=\dimen282
\pgf@nodesepend=\dimen283
) (c:/Users/mattd/AppData/Roaming/TinyTeX/texmf-dist/tex/latex/pgf/compatibility/pgfcomp-version-1-18.sty
Package: pgfcomp-version-1-18 2023-01-15 v3.1.10 (3.1.10)
)) (c:/Users/mattd/AppData/Roaming/TinyTeX/texmf-dist/tex/latex/pgf/utilities/pgffor.sty (c:/Users/mattd/AppData/Roaming/TinyTeX/texmf-dist/tex/latex/pgf/utilities/pgfkeys.sty (c:/Users/mattd/AppData/Roaming/TinyTeX/texmf-dist/tex/generic/pgf/utilities/pgfkeys.code.tex)) (c:/Users/mattd/AppData/Roaming/TinyTeX/texmf-dist/tex/latex/pgf/math/pgfmath.sty (c:/Users/mattd/AppData/Roaming/TinyTeX/texmf-dist/tex/generic/pgf/math/pgfmath.code.tex)) (c:/Users/mattd/AppData/Roaming/TinyTeX/texmf-dist/tex/generic/pgf/utilities/pgffor.code.tex
Package: pgffor 2023-01-15 v3.1.10 (3.1.10)
\pgffor@iter=\dimen284
\pgffor@skip=\dimen285
\pgffor@stack=\toks43
\pgffor@toks=\toks44
)) (c:/Users/mattd/AppData/Roaming/TinyTeX/texmf-dist/tex/generic/pgf/frontendlayer/tikz/tikz.code.tex
Package: tikz 2023-01-15 v3.1.10 (3.1.10)
(c:/Users/mattd/AppData/Roaming/TinyTeX/texmf-dist/tex/generic/pgf/libraries/pgflibraryplothandlers.code.tex
File: pgflibraryplothandlers.code.tex 2023-01-15 v3.1.10 (3.1.10)
\pgf@plot@mark@count=\count329
\pgfplotmarksize=\dimen286
)
\tikz@lastx=\dimen287
\tikz@lasty=\dimen288
\tikz@lastxsaved=\dimen289
\tikz@lastysaved=\dimen290
\tikz@lastmovetox=\dimen291
\tikz@lastmovetoy=\dimen292
\tikzleveldistance=\dimen293
\tikzsiblingdistance=\dimen294
\tikz@figbox=\box73
\tikz@figbox@bg=\box74
\tikz@tempbox=\box75
\tikz@tempbox@bg=\box76
\tikztreelevel=\count330
\tikznumberofchildren=\count331
\tikznumberofcurrentchild=\count332
\tikz@fig@count=\count333
(c:/Users/mattd/AppData/Roaming/TinyTeX/texmf-dist/tex/generic/pgf/modules/pgfmodulematrix.code.tex
File: pgfmodulematrix.code.tex 2023-01-15 v3.1.10 (3.1.10)
\pgfmatrixcurrentrow=\count334
\pgfmatrixcurrentcolumn=\count335
\pgf@matrix@numberofcolumns=\count336
)
\tikz@expandcount=\count337
(c:/Users/mattd/AppData/Roaming/TinyTeX/texmf-dist/tex/generic/pgf/frontendlayer/tikz/libraries/tikzlibrarytopaths.code.tex
File: tikzlibrarytopaths.code.tex 2023-01-15 v3.1.10 (3.1.10)
))) (c:/Users/mattd/AppData/Roaming/TinyTeX/texmf-dist/tex/latex/tools/verbatim.sty
Package: verbatim 2024-01-22 v1.5x LaTeX2e package for verbatim enhancements
\every@verbatim=\toks45
\verbatim@line=\toks46
\verbatim@in@stream=\read4
) (c:/Users/mattd/AppData/Roaming/TinyTeX/texmf-dist/tex/latex/environ/environ.sty
Package: environ 2014/05/04 v0.3 A new way to define environments
(c:/Users/mattd/AppData/Roaming/TinyTeX/texmf-dist/tex/latex/trimspaces/trimspaces.sty
Package: trimspaces 2009/09/17 v1.1 Trim spaces around a token list
))
\tcb@titlebox=\box77
\tcb@upperbox=\box78
\tcb@lowerbox=\box79
\tcb@phantombox=\box80
\c@tcbbreakpart=\count338
\c@tcblayer=\count339
\c@tcolorbox@number=\count340
\l__tcobox_tmpa_box=\box81
\l__tcobox_tmpa_dim=\dimen295
\tcb@temp=\box82
\tcb@temp=\box83
\tcb@temp=\box84
\tcb@temp=\box85
(c:/Users/mattd/AppData/Roaming/TinyTeX/texmf-dist/tex/latex/tcolorbox/tcbskins.code.tex
Library (tcolorbox): 'tcbskins.code.tex' version '6.3.0'
(c:/Users/mattd/AppData/Roaming/TinyTeX/texmf-dist/tex/latex/tikzfill/tikzfill.image.sty
Package: tikzfill.image 2023/08/08 v1.0.1 Image filling library for TikZ
(c:/Users/mattd/AppData/Roaming/TinyTeX/texmf-dist/tex/latex/tikzfill/tikzfill-common.sty
Package: tikzfill-common 2023/08/08 v1.0.1 Auxiliary code for tikzfill
) (c:/Users/mattd/AppData/Roaming/TinyTeX/texmf-dist/tex/latex/tikzfill/tikzlibraryfill.image.code.tex
File: tikzlibraryfill.image.code.tex 2023/08/08 v1.0.1 Image filling library
\l__tikzfill_img_box=\box86
)) (c:/Users/mattd/AppData/Roaming/TinyTeX/texmf-dist/tex/latex/tcolorbox/tcbskinsjigsaw.code.tex
Library (tcolorbox): 'tcbskinsjigsaw.code.tex' version '6.3.0'
)) (c:/Users/mattd/AppData/Roaming/TinyTeX/texmf-dist/tex/latex/tcolorbox/tcbbreakable.code.tex
Library (tcolorbox): 'tcbbreakable.code.tex' version '6.3.0'
(c:/Users/mattd/AppData/Roaming/TinyTeX/texmf-dist/tex/latex/pdfcol/pdfcol.sty
Package: pdfcol 2022-09-21 v1.7 Handle new color stacks for pdfTeX (HO)
Package pdfcol Info: Interface disabled because of missing PDF mode of pdfTeX.
)
Package pdfcol Info: pdfTeX's color stacks are not available.
\tcb@testbox=\box87
\tcb@totalupperbox=\box88
\tcb@totallowerbox=\box89
)) (c:/Users/mattd/AppData/Roaming/TinyTeX/texmf-dist/tex/latex/fontawesome5/fontawesome5.sty
Package: fontawesome5 2022/05/02 v5.15.4 Font Awesome 5
(c:/Users/mattd/AppData/Roaming/TinyTeX/texmf-dist/tex/latex/fontawesome5/fontawesome5-utex-helper.sty
Package: fontawesome5-utex-helper 2022/05/02 v5.15.4 uTeX helper for fontawesome5
LaTeX Font Info:    Trying to load font information for TU+fontawesomefree on input line 69.
(c:/Users/mattd/AppData/Roaming/TinyTeX/texmf-dist/tex/latex/fontawesome5/tufontawesomefree.fd)
LaTeX Font Info:    Trying to load font information for TU+fontawesomebrands on input line 70.
(c:/Users/mattd/AppData/Roaming/TinyTeX/texmf-dist/tex/latex/fontawesome5/tufontawesomebrands.fd))) (c:/Users/mattd/AppData/Roaming/TinyTeX/texmf-dist/tex/latex/bookmark/bookmark.sty
Package: bookmark 2023-12-10 v1.31 PDF bookmarks (HO)
(c:/Users/mattd/AppData/Roaming/TinyTeX/texmf-dist/tex/latex/hyperref/hyperref.sty
Package: hyperref 2024-07-10 v7.01j Hypertext links for LaTeX
(c:/Users/mattd/AppData/Roaming/TinyTeX/texmf-dist/tex/generic/kvdefinekeys/kvdefinekeys.sty
Package: kvdefinekeys 2019-12-19 v1.6 Define keys (HO)
) (c:/Users/mattd/AppData/Roaming/TinyTeX/texmf-dist/tex/generic/pdfescape/pdfescape.sty
Package: pdfescape 2019/12/09 v1.15 Implements pdfTeX's escape features (HO)
(c:/Users/mattd/AppData/Roaming/TinyTeX/texmf-dist/tex/generic/pdftexcmds/pdftexcmds.sty
Package: pdftexcmds 2020-06-27 v0.33 Utility functions of pdfTeX for LuaTeX (HO)
Package pdftexcmds Info: \pdf@primitive is available.
Package pdftexcmds Info: \pdf@ifprimitive is available.
Package pdftexcmds Info: \pdfdraftmode not found.
)) (c:/Users/mattd/AppData/Roaming/TinyTeX/texmf-dist/tex/latex/hycolor/hycolor.sty
Package: hycolor 2020-01-27 v1.10 Color options for hyperref/bookmark (HO)
) (c:/Users/mattd/AppData/Roaming/TinyTeX/texmf-dist/tex/latex/hyperref/nameref.sty
Package: nameref 2023-11-26 v2.56 Cross-referencing by name of section
(c:/Users/mattd/AppData/Roaming/TinyTeX/texmf-dist/tex/latex/refcount/refcount.sty
Package: refcount 2019/12/15 v3.6 Data extraction from label references (HO)
) (c:/Users/mattd/AppData/Roaming/TinyTeX/texmf-dist/tex/generic/gettitlestring/gettitlestring.sty
Package: gettitlestring 2019/12/15 v1.6 Cleanup title references (HO)
)
\c@section@level=\count341
) (c:/Users/mattd/AppData/Roaming/TinyTeX/texmf-dist/tex/generic/stringenc/stringenc.sty
Package: stringenc 2019/11/29 v1.12 Convert strings between diff. encodings (HO)
)
\@linkdim=\dimen296
\Hy@linkcounter=\count342
\Hy@pagecounter=\count343
(c:/Users/mattd/AppData/Roaming/TinyTeX/texmf-dist/tex/latex/hyperref/pd1enc.def
File: pd1enc.def 2024-07-10 v7.01j Hyperref: PDFDocEncoding definition (HO)
) (c:/Users/mattd/AppData/Roaming/TinyTeX/texmf-dist/tex/generic/intcalc/intcalc.sty
Package: intcalc 2019/12/15 v1.3 Expandable calculations with integers (HO)
)
\Hy@SavedSpaceFactor=\count344
(c:/Users/mattd/AppData/Roaming/TinyTeX/texmf-dist/tex/latex/hyperref/puenc.def
File: puenc.def 2024-07-10 v7.01j Hyperref: PDF Unicode definition (HO)
)
Package hyperref Info: Option `unicode' set `true' on input line 4040.
Package hyperref Info: Hyper figures OFF on input line 4157.
Package hyperref Info: Link nesting OFF on input line 4162.
Package hyperref Info: Hyper index ON on input line 4165.
Package hyperref Info: Plain pages OFF on input line 4172.
Package hyperref Info: Backreferencing OFF on input line 4177.
Package hyperref Info: Implicit mode ON; LaTeX internals redefined.
Package hyperref Info: Bookmarks ON on input line 4424.
\c@Hy@tempcnt=\count345
(c:/Users/mattd/AppData/Roaming/TinyTeX/texmf-dist/tex/latex/url/url.sty
\Urlmuskip=\muskip19
Package: url 2013/09/16  ver 3.4  Verb mode for urls, etc.
)
LaTeX Info: Redefining \url on input line 4763.
\XeTeXLinkMargin=\dimen297
(c:/Users/mattd/AppData/Roaming/TinyTeX/texmf-dist/tex/generic/bitset/bitset.sty
Package: bitset 2019/12/09 v1.3 Handle bit-vector datatype (HO)
(c:/Users/mattd/AppData/Roaming/TinyTeX/texmf-dist/tex/generic/bigintcalc/bigintcalc.sty
Package: bigintcalc 2019/12/15 v1.5 Expandable calculations on big integers (HO)
))
\Fld@menulength=\count346
\Field@Width=\dimen298
\Fld@charsize=\dimen299
Package hyperref Info: Hyper figures OFF on input line 6042.
Package hyperref Info: Link nesting OFF on input line 6047.
Package hyperref Info: Hyper index ON on input line 6050.
Package hyperref Info: backreferencing OFF on input line 6057.
Package hyperref Info: Link coloring OFF on input line 6062.
Package hyperref Info: Link coloring with OCG OFF on input line 6067.
Package hyperref Info: PDF/A mode OFF on input line 6072.
(c:/Users/mattd/AppData/Roaming/TinyTeX/texmf-dist/tex/latex/base/atbegshi-ltx.sty
Package: atbegshi-ltx 2021/01/10 v1.0c Emulation of the original atbegshi
package with kernel methods
)
\Hy@abspage=\count347
\c@Item=\count348
\c@Hfootnote=\count349
)
Package hyperref Info: Driver (autodetected): hxetex.
(c:/Users/mattd/AppData/Roaming/TinyTeX/texmf-dist/tex/latex/hyperref/hxetex.def
File: hxetex.def 2024-07-10 v7.01j Hyperref driver for XeTeX
\pdfm@box=\box90
\c@Hy@AnnotLevel=\count350
\HyField@AnnotCount=\count351
\Fld@listcount=\count352
\c@bookmark@seq@number=\count353
(c:/Users/mattd/AppData/Roaming/TinyTeX/texmf-dist/tex/latex/rerunfilecheck/rerunfilecheck.sty
Package: rerunfilecheck 2022-07-10 v1.10 Rerun checks for auxiliary files (HO)
(c:/Users/mattd/AppData/Roaming/TinyTeX/texmf-dist/tex/latex/base/atveryend-ltx.sty
Package: atveryend-ltx 2020/08/19 v1.0a Emulation of the original atveryend package
with kernel methods
) (c:/Users/mattd/AppData/Roaming/TinyTeX/texmf-dist/tex/generic/uniquecounter/uniquecounter.sty
Package: uniquecounter 2019/12/15 v1.4 Provide unlimited unique counter (HO)
)
Package uniquecounter Info: New unique counter `rerunfilecheck' on input line 285.
)
\Hy@SectionHShift=\skip67
) (c:/Users/mattd/AppData/Roaming/TinyTeX/texmf-dist/tex/latex/bookmark/bkm-dvipdfm.def
File: bkm-dvipdfm.def 2023-12-10 v1.31 bookmark driver for dvipdfm (HO)
\BKM@id=\count354
)) (c:/Users/mattd/AppData/Roaming/TinyTeX/texmf-dist/tex/latex/caption/caption.sty
Package: caption 2023/08/05 v3.6o Customizing captions (AR)
(c:/Users/mattd/AppData/Roaming/TinyTeX/texmf-dist/tex/latex/caption/caption3.sty
Package: caption3 2023/07/31 v2.4d caption3 kernel (AR)
\caption@tempdima=\dimen300
\captionmargin=\dimen301
\caption@leftmargin=\dimen302
\caption@rightmargin=\dimen303
\caption@width=\dimen304
\caption@indent=\dimen305
\caption@parindent=\dimen306
\caption@hangindent=\dimen307
Package caption Info: Standard document class detected.
)
\c@caption@flags=\count355
\c@continuedfloat=\count356
Package caption Info: hyperref package is loaded.
Package caption Info: longtable package is loaded.
(c:/Users/mattd/AppData/Roaming/TinyTeX/texmf-dist/tex/latex/caption/ltcaption.sty
Package: ltcaption 2021/01/08 v1.4c longtable captions (AR)
)) (c:/Users/mattd/AppData/Roaming/TinyTeX/texmf-dist/tex/latex/float/float.sty
Package: float 2001/11/08 v1.3d Float enhancements (AL)
\c@float@type=\count357
\float@exts=\toks47
\float@box=\box91
\@float@everytoks=\toks48
\@floatcapt=\box92
)
\@float@every@codelisting=\toks49
\c@codelisting=\count358
(c:/Users/mattd/AppData/Roaming/TinyTeX/texmf-dist/tex/latex/caption/subcaption.sty
Package: subcaption 2023/07/28 v1.6b Sub-captions (AR)
Package caption Info: New subtype `subfigure' on input line 238.
\c@subfigure=\count359
Package caption Info: New subtype `subtable' on input line 238.
\c@subtable=\count360
)
No file index.aux.
\openout1 = `index.aux'.

LaTeX Font Info:    Checking defaults for OML/cmm/m/it on input line 251.
LaTeX Font Info:    ... okay on input line 251.
LaTeX Font Info:    Checking defaults for OMS/cmsy/m/n on input line 251.
LaTeX Font Info:    ... okay on input line 251.
LaTeX Font Info:    Checking defaults for OT1/cmr/m/n on input line 251.
LaTeX Font Info:    ... okay on input line 251.
LaTeX Font Info:    Checking defaults for T1/cmr/m/n on input line 251.
LaTeX Font Info:    ... okay on input line 251.
LaTeX Font Info:    Checking defaults for TS1/cmr/m/n on input line 251.
LaTeX Font Info:    ... okay on input line 251.
LaTeX Font Info:    Checking defaults for TU/lmr/m/n on input line 251.
LaTeX Font Info:    ... okay on input line 251.
LaTeX Font Info:    Checking defaults for OMX/cmex/m/n on input line 251.
LaTeX Font Info:    ... okay on input line 251.
LaTeX Font Info:    Checking defaults for U/cmr/m/n on input line 251.
LaTeX Font Info:    ... okay on input line 251.
LaTeX Font Info:    Checking defaults for PD1/pdf/m/n on input line 251.
LaTeX Font Info:    ... okay on input line 251.
LaTeX Font Info:    Checking defaults for PU/pdf/m/n on input line 251.
LaTeX Font Info:    ... okay on input line 251.
LaTeX Font Info:    Overwriting math alphabet `\mathrm' in version `normal'
(Font)                  OT1/lmr/m/n --> TU/lmr/m/n on input line 251.
LaTeX Font Info:    Overwriting math alphabet `\mathit' in version `normal'
(Font)                  OT1/lmr/m/it --> TU/lmr/m/it on input line 251.
LaTeX Font Info:    Overwriting math alphabet `\mathbf' in version `normal'
(Font)                  OT1/lmr/bx/n --> TU/lmr/bx/n on input line 251.
LaTeX Font Info:    Overwriting math alphabet `\mathsf' in version `normal'
(Font)                  OT1/lmss/m/n --> TU/lmss/m/n on input line 251.
LaTeX Font Info:    Overwriting math alphabet `\mathsf' in version `bold'
(Font)                  OT1/lmss/bx/n --> TU/lmss/bx/n on input line 251.
LaTeX Font Info:    Overwriting math alphabet `\mathtt' in version `normal'
(Font)                  OT1/lmtt/m/n --> TU/lmtt/m/n on input line 251.
LaTeX Font Info:    Overwriting math alphabet `\mathtt' in version `bold'
(Font)                  OT1/lmtt/m/n --> TU/lmtt/bx/n on input line 251.

Package fontspec Info: 
(fontspec)             latinmodern-math scale = 0.9999964596882403.


Package fontspec Info: 
(fontspec)             latinmodern-math scale = 0.9999964596882403.


Package fontspec Info: 
(fontspec)             latinmodern-math scale = 0.9999964596882403.


Package fontspec Info: 
(fontspec)             Font family 'latinmodern-math.otf(0)' created for font
(fontspec)             'latinmodern-math.otf' with options
(fontspec)             [Scale=MatchLowercase,BoldItalicFont={},ItalicFont={},SmallCapsFont={},Script=Math,BoldFont={latinmodern-math.otf}].
(fontspec)              
(fontspec)              This font family consists of the following NFSS
(fontspec)             series/shapes:
(fontspec)              
(fontspec)             - 'normal' (m/n) with NFSS spec.:
(fontspec)             <->s*[0.9999964596882403]"[latinmodern-math.otf]/OT:script=math;language=dflt;"
(fontspec)             - 'bold' (b/n) with NFSS spec.:
(fontspec)             <->s*[0.9999964596882403]"[latinmodern-math.otf]/OT:script=math;language=dflt;"

LaTeX Font Info:    Font shape `TU/latinmodern-math.otf(0)/m/n' will be
(Font)              scaled to size 10.0pt on input line 251.

Package fontspec Info: 
(fontspec)             latinmodern-math scale = 0.9999964596882403.


Package fontspec Info: 
(fontspec)             latinmodern-math scale = 0.9999964596882403.


Package fontspec Info: 
(fontspec)             latinmodern-math scale = 0.9999964596882403.


Package fontspec Info: 
(fontspec)             latinmodern-math scale = 0.9999964596882403.


Package fontspec Info: 
(fontspec)             latinmodern-math scale = 0.9999964596882403.


Package fontspec Info: 
(fontspec)             Font family 'latinmodern-math.otf(1)' created for font
(fontspec)             'latinmodern-math.otf' with options
(fontspec)             [Scale=MatchLowercase,BoldItalicFont={},ItalicFont={},SmallCapsFont={},Script=Math,SizeFeatures={{Size=8.5-},{Size=6-8.5,Font=latinmodern-math.otf,Style=MathScript},{Size=-6,Font=latinmodern-math.otf,Style=MathScriptScript}},BoldFont={latinmodern-math.otf}].
(fontspec)              
(fontspec)              This font family consists of the following NFSS
(fontspec)             series/shapes:
(fontspec)              
(fontspec)             - 'normal' (m/n) with NFSS spec.:
(fontspec)             <8.5->s*[0.9999964596882403]"[latinmodern-math.otf]/OT:script=math;language=dflt;"<6-8.5>s*[0.9999964596882403]"[latinmodern-math.otf]/OT:script=math;language=dflt;+ssty=0;"<-6>s*[0.9999964596882403]"[latinmodern-math.otf]/OT:script=math;language=dflt;+ssty=1;"
(fontspec)             - 'bold' (b/n) with NFSS spec.:
(fontspec)             <->s*[0.9999964596882403]"[latinmodern-math.otf]/OT:script=math;language=dflt;"

LaTeX Font Info:    Font shape `TU/latinmodern-math.otf(1)/m/n' will be
(Font)              scaled to size 10.0pt on input line 251.
LaTeX Font Info:    Encoding `OT1' has changed to `TU' for symbol font
(Font)              `operators' in the math version `normal' on input line 251.
LaTeX Font Info:    Overwriting symbol font `operators' in version `normal'
(Font)                  OT1/lmr/m/n --> TU/latinmodern-math.otf(1)/m/n on input line 251.
LaTeX Font Info:    Encoding `OT1' has changed to `TU' for symbol font
(Font)              `operators' in the math version `bold' on input line 251.
LaTeX Font Info:    Overwriting symbol font `operators' in version `bold'
(Font)                  OT1/lmr/bx/n --> TU/latinmodern-math.otf(1)/b/n on input line 251.

Package fontspec Info: 
(fontspec)             latinmodern-math scale = 0.9999964596882403.


Package fontspec Info: 
(fontspec)             latinmodern-math scale = 1.000096459334209.


Package fontspec Info: 
(fontspec)             latinmodern-math scale = 0.9999964596882403.


Package fontspec Info: 
(fontspec)             latinmodern-math scale = 1.000096459334209.


Package fontspec Info: 
(fontspec)             latinmodern-math scale = 0.9999964596882403.


Package fontspec Info: 
(fontspec)             latinmodern-math scale = 1.000096459334209.


Package fontspec Info: 
(fontspec)             latinmodern-math scale = 0.9999964596882403.


Package fontspec Info: 
(fontspec)             latinmodern-math scale = 1.000096459334209.


Package fontspec Info: 
(fontspec)             latinmodern-math scale = 0.9999964596882403.


Package fontspec Info: 
(fontspec)             latinmodern-math scale = 1.000096459334209.


Package fontspec Info: 
(fontspec)             Font family 'latinmodern-math.otf(2)' created for font
(fontspec)             'latinmodern-math.otf' with options
(fontspec)             [Scale=MatchLowercase,BoldItalicFont={},ItalicFont={},SmallCapsFont={},Script=Math,SizeFeatures={{Size=8.5-},{Size=6-8.5,Font=latinmodern-math.otf,Style=MathScript},{Size=-6,Font=latinmodern-math.otf,Style=MathScriptScript}},BoldFont={latinmodern-math.otf},ScaleAgain=1.0001,FontAdjustment={\fontdimen
(fontspec)             8\font =6.77pt\relax \fontdimen 9\font =3.94pt\relax
(fontspec)             \fontdimen 10\font =4.44pt\relax \fontdimen 11\font
(fontspec)             =6.86pt\relax \fontdimen 12\font =3.45pt\relax
(fontspec)             \fontdimen 13\font =3.63pt\relax \fontdimen 14\font
(fontspec)             =3.63pt\relax \fontdimen 15\font =2.89pt\relax
(fontspec)             \fontdimen 16\font =2.47pt\relax \fontdimen 17\font
(fontspec)             =2.47pt\relax \fontdimen 18\font =2.5pt\relax
(fontspec)             \fontdimen 19\font =2.0pt\relax \fontdimen 22\font
(fontspec)             =2.5pt\relax \fontdimen 20\font =0pt\relax \fontdimen
(fontspec)             21\font =0pt\relax }].
(fontspec)              
(fontspec)              This font family consists of the following NFSS
(fontspec)             series/shapes:
(fontspec)              
(fontspec)             - 'normal' (m/n) with NFSS spec.:
(fontspec)             <8.5->s*[1.000096459334209]"[latinmodern-math.otf]/OT:script=math;language=dflt;"<6-8.5>s*[1.000096459334209]"[latinmodern-math.otf]/OT:script=math;language=dflt;+ssty=0;"<-6>s*[1.000096459334209]"[latinmodern-math.otf]/OT:script=math;language=dflt;+ssty=1;"
(fontspec)             - 'bold' (b/n) with NFSS spec.:
(fontspec)             <->s*[1.000096459334209]"[latinmodern-math.otf]/OT:script=math;language=dflt;"

LaTeX Font Info:    Encoding `OMS' has changed to `TU' for symbol font
(Font)              `symbols' in the math version `normal' on input line 251.
LaTeX Font Info:    Overwriting symbol font `symbols' in version `normal'
(Font)                  OMS/lmsy/m/n --> TU/latinmodern-math.otf(2)/m/n on input line 251.
LaTeX Font Info:    Encoding `OMS' has changed to `TU' for symbol font
(Font)              `symbols' in the math version `bold' on input line 251.
LaTeX Font Info:    Overwriting symbol font `symbols' in version `bold'
(Font)                  OMS/lmsy/b/n --> TU/latinmodern-math.otf(2)/b/n on input line 251.

Package fontspec Info: 
(fontspec)             latinmodern-math scale = 0.9999964596882403.


Package fontspec Info: 
(fontspec)             latinmodern-math scale = 0.9998964600422715.


Package fontspec Info: 
(fontspec)             latinmodern-math scale = 0.9999964596882403.


Package fontspec Info: 
(fontspec)             latinmodern-math scale = 0.9998964600422715.


Package fontspec Info: 
(fontspec)             latinmodern-math scale = 0.9999964596882403.


Package fontspec Info: 
(fontspec)             latinmodern-math scale = 0.9998964600422715.


Package fontspec Info: 
(fontspec)             latinmodern-math scale = 0.9999964596882403.


Package fontspec Info: 
(fontspec)             latinmodern-math scale = 0.9998964600422715.


Package fontspec Info: 
(fontspec)             latinmodern-math scale = 0.9999964596882403.


Package fontspec Info: 
(fontspec)             latinmodern-math scale = 0.9998964600422715.


Package fontspec Info: 
(fontspec)             Font family 'latinmodern-math.otf(3)' created for font
(fontspec)             'latinmodern-math.otf' with options
(fontspec)             [Scale=MatchLowercase,BoldItalicFont={},ItalicFont={},SmallCapsFont={},Script=Math,SizeFeatures={{Size=8.5-},{Size=6-8.5,Font=latinmodern-math.otf,Style=MathScript},{Size=-6,Font=latinmodern-math.otf,Style=MathScriptScript}},BoldFont={latinmodern-math.otf},ScaleAgain=0.9999,FontAdjustment={\fontdimen
(fontspec)             8\font =0.4pt\relax \fontdimen 9\font =2.0pt\relax
(fontspec)             \fontdimen 10\font =1.67pt\relax \fontdimen 11\font
(fontspec)             =1.11pt\relax \fontdimen 12\font =6.0pt\relax
(fontspec)             \fontdimen 13\font =0pt\relax }].
(fontspec)              
(fontspec)              This font family consists of the following NFSS
(fontspec)             series/shapes:
(fontspec)              
(fontspec)             - 'normal' (m/n) with NFSS spec.:
(fontspec)             <8.5->s*[0.9998964600422715]"[latinmodern-math.otf]/OT:script=math;language=dflt;"<6-8.5>s*[0.9998964600422715]"[latinmodern-math.otf]/OT:script=math;language=dflt;+ssty=0;"<-6>s*[0.9998964600422715]"[latinmodern-math.otf]/OT:script=math;language=dflt;+ssty=1;"
(fontspec)             - 'bold' (b/n) with NFSS spec.:
(fontspec)             <->s*[0.9998964600422715]"[latinmodern-math.otf]/OT:script=math;language=dflt;"

LaTeX Font Info:    Encoding `OMX' has changed to `TU' for symbol font
(Font)              `largesymbols' in the math version `normal' on input line 251.
LaTeX Font Info:    Overwriting symbol font `largesymbols' in version `normal'
(Font)                  OMX/lmex/m/n --> TU/latinmodern-math.otf(3)/m/n on input line 251.
LaTeX Font Info:    Encoding `OMX' has changed to `TU' for symbol font
(Font)              `largesymbols' in the math version `bold' on input line 251.
LaTeX Font Info:    Overwriting symbol font `largesymbols' in version `bold'
(Font)                  OMX/lmex/m/n --> TU/latinmodern-math.otf(3)/b/n on input line 251.
LaTeX Info: Redefining \microtypecontext on input line 251.
Package microtype Info: Applying patch `item' on input line 251.
Package microtype Info: Applying patch `toc' on input line 251.
Package microtype Info: Applying patch `eqnum' on input line 251.
Package microtype Info: Applying patch `footnote' on input line 251.
Package microtype Info: Applying patch `verbatim' on input line 251.
Package microtype Info: Character protrusion enabled (level 2).
Package microtype Info: Using protrusion set `basicmath'.
Package microtype Info: No adjustment of tracking.
Package microtype Info: No adjustment of spacing.
Package microtype Info: No adjustment of kerning.
(c:/Users/mattd/AppData/Roaming/TinyTeX/texmf-dist/tex/latex/microtype/mt-LatinModernRoman.cfg
File: mt-LatinModernRoman.cfg 2021/02/21 v1.1 microtype config. file: Latin Modern Roman (RS)
)
Package hyperref Info: Link coloring OFF on input line 251.

Package hyperref Warning: Rerun to get /PageLabels entry.

Package caption Info: Begin \AtBeginDocument code.
Package caption Info: float package is loaded.
Package caption Info: End \AtBeginDocument code.
LaTeX Font Info:    Font shape `TU/latinmodern-math.otf(1)/m/n' will be
(Font)              scaled to size 12.0pt on input line 254.
LaTeX Font Info:    Font shape `TU/latinmodern-math.otf(1)/m/n' will be
(Font)              scaled to size 8.0pt on input line 254.
LaTeX Font Info:    Font shape `TU/latinmodern-math.otf(1)/m/n' will be
(Font)              scaled to size 6.0pt on input line 254.
LaTeX Font Info:    Trying to load font information for OML+lmm on input line 254.
(c:/Users/mattd/AppData/Roaming/TinyTeX/texmf-dist/tex/latex/lm/omllmm.fd
File: omllmm.fd 2015/05/01 v1.6.1 Font defs for Latin Modern
)
LaTeX Font Info:    Font shape `TU/latinmodern-math.otf(2)/m/n' will be
(Font)              scaled to size 12.0011pt on input line 254.
LaTeX Font Info:    Font shape `TU/latinmodern-math.otf(2)/m/n' will be
(Font)              scaled to size 8.00073pt on input line 254.
LaTeX Font Info:    Font shape `TU/latinmodern-math.otf(2)/m/n' will be
(Font)              scaled to size 6.00055pt on input line 254.
LaTeX Font Info:    Font shape `TU/latinmodern-math.otf(3)/m/n' will be
(Font)              scaled to size 11.99872pt on input line 254.
LaTeX Font Info:    Font shape `TU/latinmodern-math.otf(3)/m/n' will be
(Font)              scaled to size 7.99915pt on input line 254.
LaTeX Font Info:    Font shape `TU/latinmodern-math.otf(3)/m/n' will be
(Font)              scaled to size 5.99936pt on input line 254.
LaTeX Font Info:    Trying to load font information for U+msa on input line 254.
(c:/Users/mattd/AppData/Roaming/TinyTeX/texmf-dist/tex/latex/amsfonts/umsa.fd
File: umsa.fd 2013/01/14 v3.01 AMS symbols A
) (c:/Users/mattd/AppData/Roaming/TinyTeX/texmf-dist/tex/latex/microtype/mt-msa.cfg
File: mt-msa.cfg 2006/02/04 v1.1 microtype config. file: AMS symbols (a) (RS)
)
LaTeX Font Info:    Trying to load font information for U+msb on input line 254.
(c:/Users/mattd/AppData/Roaming/TinyTeX/texmf-dist/tex/latex/amsfonts/umsb.fd
File: umsb.fd 2013/01/14 v3.01 AMS symbols B
) (c:/Users/mattd/AppData/Roaming/TinyTeX/texmf-dist/tex/latex/microtype/mt-msb.cfg
File: mt-msb.cfg 2005/06/01 v1.0 microtype config. file: AMS symbols (b) (RS)
)

[1



]

[2

]
No file index.toc.
\tf@toc=\write5
\openout5 = `index.toc'.



[3]

[4

]

[1

]

LaTeX Warning: Reference `sec-assumptions' on page 2 undefined on input line 375.



[2]

[3]

[4]
Chapter 1.


[5

]

LaTeX Warning: Reference `sec-wrangling' on page 6 undefined on input line 549.


LaTeX Warning: Reference `sec-litprog' on page 6 undefined on input line 550.


LaTeX Warning: Reference `sec-basicstats' on page 6 undefined on input line 553.


LaTeX Warning: Reference `sec-inferstats' on page 6 undefined on input line 555.


LaTeX Warning: Reference `sec-basicreg' on page 6 undefined on input line 562.


LaTeX Warning: Reference `sec-assumptions' on page 6 undefined on input line 563.


LaTeX Warning: Reference `sec-categoricalIV' on page 6 undefined on input line 564.


LaTeX Warning: Reference `sec-categoricalDV' on page 6 undefined on input line 566.


LaTeX Warning: Reference `sec-timeseries' on page 6 undefined on input line 567.


LaTeX Warning: Reference `sec-nextsteps' on page 6 undefined on input line 580.



[6]

[7]

[8

]
Chapter 2.


[9]

[10]
File: images/waiting.jpg Graphic file (type bmp)
<images/waiting.jpg>
(c:/Users/mattd/AppData/Roaming/TinyTeX/texmf-dist/tex/latex/microtype/mt-TU-empty.cfg
File: mt-TU-empty.cfg 2021/06/22 v1.1 microtype config. file: fonts with nonstandard glyph set (RS)
)

[11]
File: images/rstudiopanes.png Graphic file (type bmp)
<images/rstudiopanes.png>
LaTeX Font Info:    Font shape `TU/latinmodern-math.otf(1)/m/n' will be
(Font)              scaled to size 7.0pt on input line 801.
LaTeX Font Info:    Font shape `TU/latinmodern-math.otf(1)/m/n' will be
(Font)              scaled to size 5.0pt on input line 801.
LaTeX Font Info:    Font shape `TU/latinmodern-math.otf(2)/m/n' will be
(Font)              scaled to size 10.00092pt on input line 801.
LaTeX Font Info:    Font shape `TU/latinmodern-math.otf(2)/m/n' will be
(Font)              scaled to size 7.00064pt on input line 801.
LaTeX Font Info:    Font shape `TU/latinmodern-math.otf(2)/m/n' will be
(Font)              scaled to size 5.00046pt on input line 801.
LaTeX Font Info:    Font shape `TU/latinmodern-math.otf(3)/m/n' will be
(Font)              scaled to size 9.99893pt on input line 801.
LaTeX Font Info:    Font shape `TU/latinmodern-math.otf(3)/m/n' will be
(Font)              scaled to size 6.99925pt on input line 801.
LaTeX Font Info:    Font shape `TU/latinmodern-math.otf(3)/m/n' will be
(Font)              scaled to size 4.99947pt on input line 801.

Underfull \vbox (badness 10000) has occurred while \output is active []



[12]

[13]

[14]

LaTeX Warning: Reference `sec-litprog' on page 15 undefined on input line 951.



[15]

LaTeX Warning: Reference `sec-wrangling' on page 16 undefined on input line 1015.


LaTeX Warning: Reference `sec-litprog' on page 16 undefined on input line 1018.



[16]

LaTeX Warning: Reference `sec-litprog' on page 17 undefined on input line 1106.



[17]

[18]

[19]

[20]

[21]
Overfull \hbox (101.25pt too wide) in paragraph at lines 1500--1500
[] \TU/lmtt/m/n/10 $ Species     : Factor w/ 3 levels "setosa","versicolor",..: 1 1 1 1 1 1 1 1 1 1 ...[] 
 []



[22]

[23]

[24]
Overfull \hbox (59.25pt too wide) in paragraph at lines 1708--1708
[]  \TU/lmtt/m/n/10 [1] 1.4 1.4 1.3 1.5 1.4 1.7 1.4 1.5 1.4 1.5 1.5 1.6 1.4 1.1 1.2 1.5 1.3 1.4[] 
 []


Overfull \hbox (59.25pt too wide) in paragraph at lines 1709--1709
[] \TU/lmtt/m/n/10 [19] 1.7 1.5 1.7 1.5 1.0 1.7 1.9 1.6 1.6 1.5 1.4 1.6 1.6 1.5 1.5 1.4 1.5 1.2[] 
 []


Overfull \hbox (59.25pt too wide) in paragraph at lines 1710--1710
[] \TU/lmtt/m/n/10 [37] 1.3 1.4 1.3 1.5 1.3 1.3 1.3 1.6 1.9 1.4 1.6 1.4 1.5 1.4 4.7 4.5 4.9 4.0[] 
 []


Overfull \hbox (59.25pt too wide) in paragraph at lines 1711--1711
[] \TU/lmtt/m/n/10 [55] 4.6 4.5 4.7 3.3 4.6 3.9 3.5 4.2 4.0 4.7 3.6 4.4 4.5 4.1 4.5 3.9 4.8 4.0[] 
 []


Overfull \hbox (59.25pt too wide) in paragraph at lines 1712--1712
[] \TU/lmtt/m/n/10 [73] 4.9 4.7 4.3 4.4 4.8 5.0 4.5 3.5 3.8 3.7 3.9 5.1 4.5 4.5 4.7 4.4 4.1 4.0[] 
 []


Overfull \hbox (59.25pt too wide) in paragraph at lines 1713--1713
[] \TU/lmtt/m/n/10 [91] 4.4 4.6 4.0 3.3 4.2 4.2 4.2 4.3 3.0 4.1 6.0 5.1 5.9 5.6 5.8 6.6 4.5 6.3[] 
 []


Overfull \hbox (59.25pt too wide) in paragraph at lines 1714--1714
[]\TU/lmtt/m/n/10 [109] 5.8 6.1 5.1 5.3 5.5 5.0 5.1 5.3 5.5 6.7 6.9 5.0 5.7 4.9 6.7 4.9 5.7 6.0[] 
 []


Overfull \hbox (59.25pt too wide) in paragraph at lines 1715--1715
[]\TU/lmtt/m/n/10 [127] 4.8 4.9 5.6 5.8 6.1 6.4 5.6 5.1 5.6 6.1 5.6 5.5 4.8 5.4 5.6 5.1 5.1 5.9[] 
 []



[25]

[26]

LaTeX Warning: Reference `sec-wrangling' on page 27 undefined on input line 1839.



[27]

[28]

[29]

[30]

[31]
Underfull \vbox (badness 10000) has occurred while \output is active []



[32]

[33]
Underfull \hbox (badness 2980) in paragraph at lines 2363--2368
\TU/lmr/m/n/10 seVignettes(package_name) or vignette(topic, package_name).
 []



[34]

LaTeX Warning: Reference `sec-intro' on page 35 undefined on input line 2392.



[35]

[36

]
Chapter 3.

LaTeX Warning: Reference `sec-litprog' on page 37 undefined on input line 2444.



[37]

LaTeX Warning: Reference `sec-litprog' on page 38 undefined on input line 2504.



[38]
Underfull \hbox (badness 1168) in paragraph at lines 2519--2528
[]\TU/lmr/m/n/10 Importing from a file: This involves using Base R functions like
 []


LaTeX Warning: Reference `sec-basicR' on page 39 undefined on input line 2539.


LaTeX Warning: Reference `sec-basicR' on page 39 undefined on input line 2570.



[39]
Underfull \vbox (badness 2080) has occurred while \output is active []



[40]
File: images/utilitypane.png Graphic file (type bmp)
<images/utilitypane.png>

Overfull \hbox (47.99405pt too wide) in paragraph at lines 2635--2636
 [][] 
 []

File: images/import_dataset.png Graphic file (type bmp)
<images/import_dataset.png>
File: images/import_wizard.png Graphic file (type bmp)
<images/import_wizard.png>

Underfull \vbox (badness 10000) has occurred while \output is active []



[41]

[42]

[43]
Underfull \hbox (badness 1189) in paragraph at lines 2783--2785
[]\TU/lmtt/m/n/10 group_by() \TU/lmr/m/n/10 - allows you to split-apply-recombine data along with
 []



[44]

[45]

[46]

[47]

[48]

[49]
Underfull \hbox (badness 1082) in paragraph at lines 3182--3184
[]\TU/lmr/m/n/10 Had we forgotten the quotation marks and entered \TU/lmtt/m/n/10 filter(country ==
 []


Underfull \vbox (badness 3364) has occurred while \output is active []



[50]

[51]

[52]

[53]
Overfull \hbox (54.0pt too wide) in paragraph at lines 3424--3424
[]    \TU/lmtt/m/n/10 horsepwr        city_mpg        hwy_mpg          weight       wheel_base[] 
 []


Overfull \hbox (59.25pt too wide) in paragraph at lines 3425--3425
[] \TU/lmtt/m/n/10 Min.   : 73.0   Min.   :10.00   Min.   :12.00   Min.   :1850   Min.   : 89.0[] 
 []


Overfull \hbox (59.25pt too wide) in paragraph at lines 3426--3426
[] \TU/lmtt/m/n/10 1st Qu.:165.0   1st Qu.:17.00   1st Qu.:24.00   1st Qu.:3102   1st Qu.:103.0[] 
 []


Overfull \hbox (59.25pt too wide) in paragraph at lines 3427--3427
[] \TU/lmtt/m/n/10 Median :210.0   Median :19.00   Median :26.00   Median :3474   Median :107.0[] 
 []


Overfull \hbox (59.25pt too wide) in paragraph at lines 3428--3428
[] \TU/lmtt/m/n/10 Mean   :215.9   Mean   :20.09   Mean   :26.91   Mean   :3577   Mean   :108.2[] 
 []


Overfull \hbox (59.25pt too wide) in paragraph at lines 3429--3429
[] \TU/lmtt/m/n/10 3rd Qu.:255.0   3rd Qu.:21.00   3rd Qu.:29.00   3rd Qu.:3974   3rd Qu.:112.0[] 
 []


Overfull \hbox (59.25pt too wide) in paragraph at lines 3430--3430
[] \TU/lmtt/m/n/10 Max.   :500.0   Max.   :60.00   Max.   :66.00   Max.   :7190   Max.   :144.0[] 
 []


Overfull \hbox (38.25pt too wide) in paragraph at lines 3431--3431
[]                 \TU/lmtt/m/n/10 NA[]s   :14      NA[]s   :14      NA[]s   :2      NA[]s   :2[] 
 []



[54]
Overfull \hbox (75.0pt too wide) in paragraph at lines 3500--3500
[]   \TU/lmtt/m/n/10 name         sports_car suv   wagon minivan pickup all_wheel rear_wheel  msrp[] 
 []


Overfull \hbox (75.0pt too wide) in paragraph at lines 3501--3501
[]   \TU/lmtt/m/n/10 <chr>        <lgl>      <lgl> <lgl> <lgl>   <lgl>  <lgl>     <lgl>      <int>[] 
 []


Overfull \hbox (75.0pt too wide) in paragraph at lines 3502--3502
[] \TU/lmtt/m/n/10 1 Chevrolet A~ FALSE      FALSE FALSE FALSE   FALSE  FALSE     FALSE      11690[] 
 []


Overfull \hbox (75.0pt too wide) in paragraph at lines 3503--3503
[] \TU/lmtt/m/n/10 2 Chevrolet A~ FALSE      FALSE FALSE FALSE   FALSE  FALSE     FALSE      12585[] 
 []


Overfull \hbox (75.0pt too wide) in paragraph at lines 3504--3504
[] \TU/lmtt/m/n/10 3 Chevrolet C~ FALSE      FALSE FALSE FALSE   FALSE  FALSE     FALSE      14610[] 
 []


Overfull \hbox (75.0pt too wide) in paragraph at lines 3505--3505
[] \TU/lmtt/m/n/10 4 Chevrolet C~ FALSE      FALSE FALSE FALSE   FALSE  FALSE     FALSE      14810[] 
 []


Overfull \hbox (75.0pt too wide) in paragraph at lines 3506--3506
[] \TU/lmtt/m/n/10 5 Chevrolet C~ FALSE      FALSE FALSE FALSE   FALSE  FALSE     FALSE      16385[] 
 []


Overfull \hbox (75.0pt too wide) in paragraph at lines 3507--3507
[] \TU/lmtt/m/n/10 6 Dodge Neon ~ FALSE      FALSE FALSE FALSE   FALSE  FALSE     FALSE      13670[] 
 []


Overfull \hbox (75.0pt too wide) in paragraph at lines 3508--3508
[] \TU/lmtt/m/n/10 7 Dodge Neon ~ FALSE      FALSE FALSE FALSE   FALSE  FALSE     FALSE      15040[] 
 []


Overfull \hbox (75.0pt too wide) in paragraph at lines 3509--3509
[] \TU/lmtt/m/n/10 8 Ford Focus ~ FALSE      FALSE FALSE FALSE   FALSE  FALSE     FALSE      13270[] 
 []


Overfull \hbox (75.0pt too wide) in paragraph at lines 3510--3510
[] \TU/lmtt/m/n/10 9 Ford Focus ~ FALSE      FALSE FALSE FALSE   FALSE  FALSE     FALSE      13730[] 
 []


Overfull \hbox (75.0pt too wide) in paragraph at lines 3511--3511
[]\TU/lmtt/m/n/10 10 Ford Focus ~ FALSE      FALSE FALSE FALSE   FALSE  FALSE     FALSE      15460[] 
 []


Overfull \hbox (17.25pt too wide) in paragraph at lines 3513--3513
[]\TU/lmtt/m/n/10 # i 10 more variables: dealer_cost <int>, eng_size <dbl>, ncyl <int>,[] 
 []


Overfull \hbox (75.0pt too wide) in paragraph at lines 3532--3532
[]   \TU/lmtt/m/n/10 name         sports_car suv   wagon minivan pickup all_wheel rear_wheel  msrp[] 
 []


Overfull \hbox (75.0pt too wide) in paragraph at lines 3533--3533
[]   \TU/lmtt/m/n/10 <chr>        <lgl>      <lgl> <lgl> <lgl>   <lgl>  <lgl>     <lgl>      <int>[] 
 []


Overfull \hbox (75.0pt too wide) in paragraph at lines 3534--3534
[] \TU/lmtt/m/n/10 1 Chevrolet A~ FALSE      FALSE FALSE FALSE   FALSE  FALSE     FALSE      11690[] 
 []


Overfull \hbox (75.0pt too wide) in paragraph at lines 3535--3535
[] \TU/lmtt/m/n/10 2 Chevrolet A~ FALSE      FALSE FALSE FALSE   FALSE  FALSE     FALSE      12585[] 
 []


Overfull \hbox (75.0pt too wide) in paragraph at lines 3536--3536
[] \TU/lmtt/m/n/10 3 Chevrolet C~ FALSE      FALSE FALSE FALSE   FALSE  FALSE     FALSE      14610[] 
 []


Overfull \hbox (75.0pt too wide) in paragraph at lines 3537--3537
[] \TU/lmtt/m/n/10 4 Chevrolet C~ FALSE      FALSE FALSE FALSE   FALSE  FALSE     FALSE      14810[] 
 []



[55]
Overfull \hbox (75.0pt too wide) in paragraph at lines 3538--3538
[] \TU/lmtt/m/n/10 5 Chevrolet C~ FALSE      FALSE FALSE FALSE   FALSE  FALSE     FALSE      16385[] 
 []


Overfull \hbox (75.0pt too wide) in paragraph at lines 3539--3539
[] \TU/lmtt/m/n/10 6 Dodge Neon ~ FALSE      FALSE FALSE FALSE   FALSE  FALSE     FALSE      13670[] 
 []


Overfull \hbox (75.0pt too wide) in paragraph at lines 3540--3540
[] \TU/lmtt/m/n/10 7 Dodge Neon ~ FALSE      FALSE FALSE FALSE   FALSE  FALSE     FALSE      15040[] 
 []


Overfull \hbox (75.0pt too wide) in paragraph at lines 3541--3541
[] \TU/lmtt/m/n/10 8 Ford Focus ~ FALSE      FALSE FALSE FALSE   FALSE  FALSE     FALSE      13270[] 
 []


Overfull \hbox (75.0pt too wide) in paragraph at lines 3542--3542
[] \TU/lmtt/m/n/10 9 Ford Focus ~ FALSE      FALSE FALSE FALSE   FALSE  FALSE     FALSE      13730[] 
 []


Overfull \hbox (75.0pt too wide) in paragraph at lines 3543--3543
[]\TU/lmtt/m/n/10 10 Ford Focus ~ FALSE      FALSE FALSE FALSE   FALSE  FALSE     FALSE      15460[] 
 []


Overfull \hbox (17.25pt too wide) in paragraph at lines 3545--3545
[]\TU/lmtt/m/n/10 # i 10 more variables: dealer_cost <int>, eng_size <dbl>, ncyl <int>,[] 
 []


Underfull \hbox (badness 4072) in paragraph at lines 3550--3550
[][][][] \TU/lmr/m/n/10 Tip from the Helpdesk: Cleaning with a Toothbrush or a
 []



[56]
Overfull \hbox (75.0pt too wide) in paragraph at lines 3620--3620
[]   \TU/lmtt/m/n/10 name         sports_car suv   wagon minivan pickup all_wheel rear_wheel  msrp[] 
 []


Overfull \hbox (75.0pt too wide) in paragraph at lines 3621--3621
[]   \TU/lmtt/m/n/10 <chr>        <lgl>      <lgl> <lgl> <lgl>   <lgl>  <lgl>     <lgl>      <int>[] 
 []


Overfull \hbox (75.0pt too wide) in paragraph at lines 3622--3622
[] \TU/lmtt/m/n/10 1 Acura 3.5 R~ FALSE      FALSE FALSE FALSE   FALSE  FALSE     FALSE      43755[] 
 []


Overfull \hbox (75.0pt too wide) in paragraph at lines 3623--3623
[] \TU/lmtt/m/n/10 2 Acura 3.5 R~ FALSE      FALSE FALSE FALSE   FALSE  FALSE     FALSE      46100[] 
 []


Overfull \hbox (75.0pt too wide) in paragraph at lines 3624--3624
[] \TU/lmtt/m/n/10 3 Acura MDX    FALSE      TRUE  FALSE FALSE   FALSE  TRUE      FALSE      36945[] 
 []


Overfull \hbox (75.0pt too wide) in paragraph at lines 3625--3625
[] \TU/lmtt/m/n/10 4 Acura NSX c~ TRUE       FALSE FALSE FALSE   FALSE  FALSE     TRUE       89765[] 
 []


Overfull \hbox (75.0pt too wide) in paragraph at lines 3626--3626
[] \TU/lmtt/m/n/10 5 Acura RSX T~ FALSE      FALSE FALSE FALSE   FALSE  FALSE     FALSE      23820[] 
 []


Overfull \hbox (75.0pt too wide) in paragraph at lines 3627--3627
[] \TU/lmtt/m/n/10 6 Acura TL 4dr FALSE      FALSE FALSE FALSE   FALSE  FALSE     FALSE      33195[] 
 []


Overfull \hbox (75.0pt too wide) in paragraph at lines 3628--3628
[] \TU/lmtt/m/n/10 7 Acura TSX 4~ FALSE      FALSE FALSE FALSE   FALSE  FALSE     FALSE      26990[] 
 []


Overfull \hbox (75.0pt too wide) in paragraph at lines 3629--3629
[] \TU/lmtt/m/n/10 8 Audi A4 1.8~ FALSE      FALSE FALSE FALSE   FALSE  FALSE     FALSE      25940[] 
 []


Overfull \hbox (75.0pt too wide) in paragraph at lines 3630--3630
[] \TU/lmtt/m/n/10 9 Audi A4 3.0~ FALSE      FALSE FALSE FALSE   FALSE  FALSE     FALSE      31840[] 
 []


Overfull \hbox (75.0pt too wide) in paragraph at lines 3631--3631
[]\TU/lmtt/m/n/10 10 Audi A4 3.0~ FALSE      FALSE FALSE FALSE   FALSE  TRUE      FALSE      34480[] 
 []


Overfull \hbox (17.25pt too wide) in paragraph at lines 3633--3633
[]\TU/lmtt/m/n/10 # i 10 more variables: dealer_cost <int>, eng_size <dbl>, ncyl <int>,[] 
 []



[57]
Overfull \hbox (32.07286pt too wide) in paragraph at lines 3736--3736
[]   \TU/lmtt/m/n/10 name                                         city_mpg l_per_100k[] 
 []


Overfull \hbox (32.07286pt too wide) in paragraph at lines 3737--3737
[]   \TU/lmtt/m/n/10 <chr>                                           <int>      <dbl>[] 
 []


Overfull \hbox (32.07286pt too wide) in paragraph at lines 3738--3738
[] \TU/lmtt/m/n/10 1 Honda Insight 2dr (gas/electric)                   60       3.92[] 
 []


Overfull \hbox (32.07286pt too wide) in paragraph at lines 3739--3739
[] \TU/lmtt/m/n/10 2 Toyota Prius 4dr (gas/electric)                    59       3.99[] 
 []


Overfull \hbox (32.07286pt too wide) in paragraph at lines 3740--3740
[] \TU/lmtt/m/n/10 3 Honda Civic Hybrid 4dr manual (gas/electric)       46       5.11[] 
 []


Overfull \hbox (32.07286pt too wide) in paragraph at lines 3741--3741
[] \TU/lmtt/m/n/10 4 Volkswagen Jetta GLS TDI 4dr                       38       6.19[] 
 []


Overfull \hbox (32.07286pt too wide) in paragraph at lines 3742--3742
[] \TU/lmtt/m/n/10 5 Honda Civic HX 2dr                                 36       6.53[] 
 []


Overfull \hbox (32.07286pt too wide) in paragraph at lines 3743--3743
[] \TU/lmtt/m/n/10 6 Toyota Echo 2dr manual                             35       6.72[] 
 []


Overfull \hbox (32.07286pt too wide) in paragraph at lines 3744--3744
[] \TU/lmtt/m/n/10 7 Toyota Echo 4dr                                    35       6.72[] 
 []


Overfull \hbox (32.07286pt too wide) in paragraph at lines 3745--3745
[] \TU/lmtt/m/n/10 8 Toyota Echo 2dr auto                               33       7.13[] 
 []


Overfull \hbox (32.07286pt too wide) in paragraph at lines 3746--3746
[] \TU/lmtt/m/n/10 9 Honda Civic DX 2dr                                 32       7.35[] 
 []


Overfull \hbox (32.07286pt too wide) in paragraph at lines 3747--3747
[]\TU/lmtt/m/n/10 10 Honda Civic LX 4dr                                 32       7.35[] 
 []



[58]

[59]

[60]
Underfull \hbox (badness 1077) in paragraph at lines 3910--3914
[]\TU/lmr/m/n/10 We could have, in principle, overwritten the old variable by specifying
 []



[61]
Overfull \hbox (95.07286pt too wide) in paragraph at lines 3975--3975
[]   \TU/lmtt/m/n/10 name                                         msrp dealer_cost markup markup2[] 
 []


Overfull \hbox (95.07286pt too wide) in paragraph at lines 3976--3976
[]   \TU/lmtt/m/n/10 <chr>                                       <int>       <int>  <dbl>   <dbl>[] 
 []


Overfull \hbox (95.07286pt too wide) in paragraph at lines 3977--3977
[] \TU/lmtt/m/n/10 1 Porsche 911 Carrera 4S coupe 2dr (convert)  84165       72206  0.166   84164[] 
 []


Overfull \hbox (95.07286pt too wide) in paragraph at lines 3978--3978
[] \TU/lmtt/m/n/10 2 Lexus LX 470                                64800       56455  0.148   64799[] 
 []


Overfull \hbox (95.07286pt too wide) in paragraph at lines 3979--3979
[] \TU/lmtt/m/n/10 3 Lexus SC 430 convertible 2dr                63200       55063  0.148   63199[] 
 []


Overfull \hbox (95.07286pt too wide) in paragraph at lines 3980--3980
[] \TU/lmtt/m/n/10 4 Lexus LS 430 4dr                            55750       48583  0.148   55749[] 
 []


Overfull \hbox (95.07286pt too wide) in paragraph at lines 3981--3981
[] \TU/lmtt/m/n/10 5 Lexus GS 430 4dr                            48450       42232  0.147   48449[] 
 []


Overfull \hbox (95.07286pt too wide) in paragraph at lines 3982--3982
[] \TU/lmtt/m/n/10 6 Lexus GX 470                                45700       39838  0.147   45699[] 
 []


Overfull \hbox (95.07286pt too wide) in paragraph at lines 3983--3983
[] \TU/lmtt/m/n/10 7 Porsche Boxster convertible 2dr             43365       37886  0.145   43364[] 
 []


Overfull \hbox (95.07286pt too wide) in paragraph at lines 3984--3984
[] \TU/lmtt/m/n/10 8 Porsche Boxster S convertible 2dr           52365       45766  0.144   52364[] 
 []


Overfull \hbox (95.07286pt too wide) in paragraph at lines 3985--3985
[] \TU/lmtt/m/n/10 9 Porsche 911 Targa coupe 2dr                 76765       67128  0.144   76764[] 
 []


Overfull \hbox (95.07286pt too wide) in paragraph at lines 3986--3986
[]\TU/lmtt/m/n/10 10 Porsche 911 Carrera convertible 2dr (coupe) 79165       69229  0.144   79164[] 
 []



[62]
Underfull \vbox (badness 10000) has occurred while \output is active []



[63]

[64]

[65]

[66]

[67]

[68]

[69]

[70]
Overfull \hbox (38.25pt too wide) in paragraph at lines 4507--4507
[]   \TU/lmtt/m/n/10 make          mean_msrp most_expensive least_expensive models domestic[] 
 []


Overfull \hbox (22.5pt too wide) in paragraph at lines 4508--4508
[]   \TU/lmtt/m/n/10 <chr>             <dbl>          <int>           <int>  <int> <chr>[] 
 []


Overfull \hbox (33.0pt too wide) in paragraph at lines 4509--4509
[] \TU/lmtt/m/n/10 1 Porsche          83565          192465           43365      7 Foreign[] 
 []


Overfull \hbox (33.0pt too wide) in paragraph at lines 4510--4510
[] \TU/lmtt/m/n/10 2 Jaguar           61580.          86995           29995     12 Foreign[] 
 []


Overfull \hbox (33.0pt too wide) in paragraph at lines 4511--4511
[] \TU/lmtt/m/n/10 3 Mercedes-Benz    60657.         128420           26060     26 Foreign[] 
 []


Overfull \hbox (38.25pt too wide) in paragraph at lines 4512--4512
[] \TU/lmtt/m/n/10 4 Cadillac         50474.          76200           30835      8 Domestic[] 
 []


Overfull \hbox (38.25pt too wide) in paragraph at lines 4513--4513
[] \TU/lmtt/m/n/10 5 Hummer           49995           49995           49995      1 Domestic[] 
 []


Overfull \hbox (33.0pt too wide) in paragraph at lines 4514--4514
[] \TU/lmtt/m/n/10 6 Land Rover       45832.          72250           25995      3 Foreign[] 
 []


Overfull \hbox (33.0pt too wide) in paragraph at lines 4515--4515
[] \TU/lmtt/m/n/10 7 Lexus            44215.          64800           31045     11 Foreign[] 
 []


Overfull \hbox (33.0pt too wide) in paragraph at lines 4516--4516
[] \TU/lmtt/m/n/10 8 Audi             43308.          84600           25940     19 Foreign[] 
 []


Overfull \hbox (33.0pt too wide) in paragraph at lines 4517--4517
[] \TU/lmtt/m/n/10 9 BMW              43285.          73195           28495     20 Foreign[] 
 []


Overfull \hbox (33.0pt too wide) in paragraph at lines 4518--4518
[]\TU/lmtt/m/n/10 10 Acura            42939.          89765           23820      7 Foreign[] 
 []



[71]

[72]
Overfull \hbox (48.75pt too wide) in paragraph at lines 4650--4650
[]   \TU/lmtt/m/n/10 name                        bodystyle city_mpg avg_mpg rel_mpg efficient[] 
 []


Overfull \hbox (27.75pt too wide) in paragraph at lines 4651--4651
[]   \TU/lmtt/m/n/10 <chr>                       <chr>        <int>   <dbl>   <dbl> <chr>[] 
 []


Overfull \hbox (48.75pt too wide) in paragraph at lines 4652--4652
[] \TU/lmtt/m/n/10 1 Chevrolet Aveo 4dr          sedan           28    21.8    1.29 efficient[] 
 []


Overfull \hbox (48.75pt too wide) in paragraph at lines 4653--4653
[] \TU/lmtt/m/n/10 2 Chevrolet Aveo LS 4dr hatch sedan           28    21.8    1.29 efficient[] 
 []


Overfull \hbox (48.75pt too wide) in paragraph at lines 4654--4654
[] \TU/lmtt/m/n/10 3 Dodge Neon SE 4dr           sedan           29    21.8    1.33 efficient[] 
 []


Overfull \hbox (48.75pt too wide) in paragraph at lines 4655--4655
[] \TU/lmtt/m/n/10 4 Dodge Neon SXT 4dr          sedan           29    21.8    1.33 efficient[] 
 []


Overfull \hbox (48.75pt too wide) in paragraph at lines 4656--4656
[] \TU/lmtt/m/n/10 5 Honda Civic DX 2dr          sedan           32    21.8    1.47 efficient[] 
 []


Overfull \hbox (48.75pt too wide) in paragraph at lines 4657--4657
[] \TU/lmtt/m/n/10 6 Honda Civic HX 2dr          sedan           36    21.8    1.65 efficient[] 
 []



[73]
Overfull \hbox (48.75pt too wide) in paragraph at lines 4658--4658
[] \TU/lmtt/m/n/10 7 Honda Civic LX 4dr          sedan           32    21.8    1.47 efficient[] 
 []


Overfull \hbox (48.75pt too wide) in paragraph at lines 4659--4659
[] \TU/lmtt/m/n/10 8 Hyundai Accent 2dr hatch    sedan           29    21.8    1.33 efficient[] 
 []


Overfull \hbox (48.75pt too wide) in paragraph at lines 4660--4660
[] \TU/lmtt/m/n/10 9 Hyundai Accent GL 4dr       sedan           29    21.8    1.33 efficient[] 
 []


Overfull \hbox (48.75pt too wide) in paragraph at lines 4661--4661
[]\TU/lmtt/m/n/10 10 Hyundai Accent GT 2dr hatch sedan           29    21.8    1.33 efficient[] 
 []


Overfull \hbox (75.0pt too wide) in paragraph at lines 4675--4675
[]   \TU/lmtt/m/n/10 name                             bodystyle city_mpg avg_mpg rel_mpg efficient[] 
 []


Overfull \hbox (54.0pt too wide) in paragraph at lines 4676--4676
[]   \TU/lmtt/m/n/10 <chr>                            <chr>        <int>   <dbl>   <dbl> <chr>[] 
 []


Overfull \hbox (75.0pt too wide) in paragraph at lines 4677--4677
[] \TU/lmtt/m/n/10 1 Audi S4 Quattro 4dr              sedan           14    21.8   0.643 gas guzz~[] 
 []


Overfull \hbox (75.0pt too wide) in paragraph at lines 4678--4678
[] \TU/lmtt/m/n/10 2 Mercedes-Benz C32 AMG 4dr        sedan           16    21.8   0.735 gas guzz~[] 
 []


Overfull \hbox (75.0pt too wide) in paragraph at lines 4679--4679
[] \TU/lmtt/m/n/10 3 Mercedes-Benz CL500 2dr          sedan           16    21.8   0.735 gas guzz~[] 
 []


Overfull \hbox (75.0pt too wide) in paragraph at lines 4680--4680
[] \TU/lmtt/m/n/10 4 Mercedes-Benz CL600 2dr          sedan           13    21.8   0.597 gas guzz~[] 
 []


Overfull \hbox (75.0pt too wide) in paragraph at lines 4681--4681
[] \TU/lmtt/m/n/10 5 Mercedes-Benz E500 4dr           sedan           16    21.8   0.735 gas guzz~[] 
 []


Overfull \hbox (75.0pt too wide) in paragraph at lines 4682--4682
[] \TU/lmtt/m/n/10 6 Mercedes-Benz S500 4dr           sedan           16    21.8   0.735 gas guzz~[] 
 []


Overfull \hbox (75.0pt too wide) in paragraph at lines 4683--4683
[] \TU/lmtt/m/n/10 7 Mercedes-Benz SL600 convertible~ sports c~       13    18.6   0.699 gas guzz~[] 
 []


Overfull \hbox (75.0pt too wide) in paragraph at lines 4684--4684
[] \TU/lmtt/m/n/10 8 Hummer H2                        suv             10    16.2   0.617 gas guzz~[] 
 []


Overfull \hbox (75.0pt too wide) in paragraph at lines 4685--4685
[] \TU/lmtt/m/n/10 9 Land Rover Range Rover HSE       suv             12    16.2   0.741 gas guzz~[] 
 []


Overfull \hbox (75.0pt too wide) in paragraph at lines 4686--4686
[]\TU/lmtt/m/n/10 10 Land Rover Discovery SE          suv             12    16.2   0.741 gas guzz~[] 
 []


Overfull \hbox (75.0pt too wide) in paragraph at lines 4687--4687
[]\TU/lmtt/m/n/10 11 Audi S4 Avant Quattro            wagon           15    21.0   0.715 gas guzz~[] 
 []


Overfull \hbox (75.0pt too wide) in paragraph at lines 4688--4688
[]\TU/lmtt/m/n/10 12 Infiniti FX45                    wagon           15    21.0   0.715 gas guzz~[] 
 []



[74]
LaTeX Font Info:    Font shape `TU/lmtt/bx/n' in size <10> not available
(Font)              Font shape `TU/lmtt/b/n' tried instead on input line 4751.


[75]

[76]

[77]

[78

]
Chapter 4.


[79]

[80]

LaTeX Warning: Hyper reference `yaml' on page 81 undefined on input line 4992.


LaTeX Warning: Hyper reference `markdown-language' on page 81 undefined on input line 5004.


LaTeX Warning: Hyper reference `code-chunks' on page 81 undefined on input line 5019.


LaTeX Warning: Reference `sec-basicR' on page 81 undefined on input line 5053.



[81]

LaTeX Warning: Hyper reference `markdown-language' on page 82 undefined on input line 5098.



[82]

LaTeX Warning: Hyper reference `code-chunks' on page 83 undefined on input line 5128.


LaTeX Warning: Hyper reference `yaml' on page 83 undefined on input line 5253.


Underfull \vbox (badness 6625) has occurred while \output is active []



[83]

LaTeX Warning: Hyper reference `yaml' on page 84 undefined on input line 5258.


LaTeX Warning: Hyper reference `yaml' on page 84 undefined on input line 5260.


LaTeX Warning: Hyper reference `markdown-language' on page 84 undefined on input line 5264.


LaTeX Warning: Hyper reference `code-chunks' on page 84 undefined on input line 5265.


LaTeX Warning: Hyper reference `markdown-language' on page 84 undefined on input line 5270.


LaTeX Warning: Hyper reference `code-chunks' on page 84 undefined on input line 5271.


LaTeX Warning: Hyper reference `markdown-language' on page 84 undefined on input line 5272.


Underfull \vbox (badness 10000) has occurred while \output is active []



[84]

[85]

[86]

LaTeX Warning: Hyper reference `markdown-language' on page 87 undefined on input line 5421.


LaTeX Warning: Hyper reference `code-chunks' on page 87 undefined on input line 5461.


Underfull \vbox (badness 1087) has occurred while \output is active []



[87]

[88]

[89]

LaTeX Warning: Hyper reference `yaml' on page 90 undefined on input line 5650.


Underfull \vbox (badness 2698) has occurred while \output is active []



[90]

[91]
Underfull \hbox (badness 1048) in paragraph at lines 5771--5776
\TU/lmr/m/n/10 usual formatting. This is essential when using packages like
 []



[92]
Underfull \hbox (badness 3471) in paragraph at lines 5857--5865
[]\TU/lmr/m/n/10 Lets say you have 4 graphs in your paper. And you give
 []


Underfull \hbox (badness 2529) in paragraph at lines 5857--5865
\TU/lmr/m/n/10 all of those graphs labels that begin with the prefix \TU/lmtt/m/n/10 fig-\TU/lmr/m/n/10 , so
 []



[93]

LaTeX Warning: Hyper reference `yaml' on page 94 undefined on input line 5912.


LaTeX Warning: Hyper reference `yaml' on page 94 undefined on input line 5921.


Underfull \vbox (badness 2012) has occurred while \output is active []



[94]

[95]

[96]
Chapter 5.

LaTeX Warning: Reference `sec-wrangling' on page 97 undefined on input line 6081.



[97

]

[98]

[99]
File: basicstats_files/figure-pdf/unnamed-chunk-2-1.pdf Graphic file (type pdf)
<use basicstats_files/figure-pdf/unnamed-chunk-2-1.pdf>

LaTeX Warning: Reference `sec-wrangling' on page 100 undefined on input line 6250.


LaTeX Warning: Reference `sec-litprog' on page 100 undefined on input line 6260.



[100]
File: basicstats_files/figure-pdf/unnamed-chunk-3-1.pdf Graphic file (type pdf)
<use basicstats_files/figure-pdf/unnamed-chunk-3-1.pdf>

Underfull \vbox (badness 10000) has occurred while \output is active []



[101]
Underfull \hbox (badness 1158) in paragraph at lines 6338--6348
[]\TU/lmtt/m/n/10 theme_minimal()\TU/lmr/m/n/10 : There are a few all-in-one themes built into
 []


Underfull \hbox (badness 3769) in paragraph at lines 6338--6348
\TU/lmtt/m/n/10 theme_minimal() \TU/lmr/m/n/10 is probably my favorite general-purpose theme.
 []


Underfull \hbox (badness 10000) in paragraph at lines 6338--6348
\TU/lmtt/m/n/10 theme_bw()\TU/lmr/m/n/10 , \TU/lmtt/m/n/10 theme_linedraw()\TU/lmr/m/n/10 , \TU/lmtt/m/n/10 theme_light()\TU/lmr/m/n/10 , \TU/lmtt/m/n/10 theme_dark()\TU/lmr/m/n/10 ,
 []

File: basicstats_files/figure-pdf/unnamed-chunk-5-1.pdf Graphic file (type pdf)
<use basicstats_files/figure-pdf/unnamed-chunk-5-1.pdf>
File: basicstats_files/figure-pdf/unnamed-chunk-6-1.pdf Graphic file (type pdf)
<use basicstats_files/figure-pdf/unnamed-chunk-6-1.pdf>

LaTeX Warning: Reference `sec-timeseries' on page 102 undefined on input line 6420.


LaTeX Warning: Reference `sec-wrangling' on page 102 undefined on input line 6422.



[102]

[103]

[104]
File: basicstats_files/figure-pdf/unnamed-chunk-8-1.pdf Graphic file (type pdf)
<use basicstats_files/figure-pdf/unnamed-chunk-8-1.pdf>

Underfull \vbox (badness 10000) has occurred while \output is active []



[105]
File: images/normalpie.jpg Graphic file (type bmp)
<images/normalpie.jpg>


[106]
File: basicstats_files/figure-pdf/unnamed-chunk-11-1.pdf Graphic file (type pdf)
<use basicstats_files/figure-pdf/unnamed-chunk-11-1.pdf>
File: basicstats_files/figure-pdf/unnamed-chunk-12-1.pdf Graphic file (type pdf)
<use basicstats_files/figure-pdf/unnamed-chunk-12-1.pdf>
File: basicstats_files/figure-pdf/unnamed-chunk-14-1.pdf Graphic file (type pdf)
<use basicstats_files/figure-pdf/unnamed-chunk-14-1.pdf>
File: basicstats_files/figure-pdf/unnamed-chunk-15-1.pdf Graphic file (type pdf)
<use basicstats_files/figure-pdf/unnamed-chunk-15-1.pdf>

Underfull \vbox (badness 10000) has occurred while \output is active []



[107]
Underfull \vbox (badness 10000) has occurred while \output is active []



[108]

[109]
File: images/anakinpadmepie.jpg Graphic file (type bmp)
<images/anakinpadmepie.jpg>

LaTeX Warning: Hyper reference `pie-charts' on page 110 undefined on input line 6648.



[110]
File: basicstats_files/figure-pdf/unnamed-chunk-18-1.pdf Graphic file (type pdf)
<use basicstats_files/figure-pdf/unnamed-chunk-18-1.pdf>

Underfull \vbox (badness 10000) has occurred while \output is active []



[111]
File: basicstats_files/figure-pdf/unnamed-chunk-19-1.pdf Graphic file (type pdf)
<use basicstats_files/figure-pdf/unnamed-chunk-19-1.pdf>


[112]
File: basicstats_files/figure-pdf/unnamed-chunk-20-1.pdf Graphic file (type pdf)
<use basicstats_files/figure-pdf/unnamed-chunk-20-1.pdf>
File: basicstats_files/figure-pdf/unnamed-chunk-21-1.pdf Graphic file (type pdf)
<use basicstats_files/figure-pdf/unnamed-chunk-21-1.pdf>
File: basicstats_files/figure-pdf/unnamed-chunk-21-2.pdf Graphic file (type pdf)
<use basicstats_files/figure-pdf/unnamed-chunk-21-2.pdf>
File: basicstats_files/figure-pdf/unnamed-chunk-22-1.pdf Graphic file (type pdf)
<use basicstats_files/figure-pdf/unnamed-chunk-22-1.pdf>
File: basicstats_files/figure-pdf/unnamed-chunk-22-2.pdf Graphic file (type pdf)
<use basicstats_files/figure-pdf/unnamed-chunk-22-2.pdf>

Underfull \vbox (badness 10000) has occurred while \output is active []



[113]

[114]

LaTeX Warning: Hyper reference `histograms' on page 115 undefined on input line 6851.


Underfull \vbox (badness 10000) has occurred while \output is active []



[115]
File: basicstats_files/figure-pdf/unnamed-chunk-23-1.pdf Graphic file (type pdf)
<use basicstats_files/figure-pdf/unnamed-chunk-23-1.pdf>
File: basicstats_files/figure-pdf/unnamed-chunk-24-1.pdf Graphic file (type pdf)
<use basicstats_files/figure-pdf/unnamed-chunk-24-1.pdf>

Underfull \vbox (badness 10000) has occurred while \output is active []



[116]
File: basicstats_files/figure-pdf/unnamed-chunk-25-1.pdf Graphic file (type pdf)
<use basicstats_files/figure-pdf/unnamed-chunk-25-1.pdf>

Underfull \vbox (badness 10000) has occurred while \output is active []



[117]
File: basicstats_files/figure-pdf/unnamed-chunk-26-1.pdf Graphic file (type pdf)
<use basicstats_files/figure-pdf/unnamed-chunk-26-1.pdf>

Underfull \vbox (badness 6725) has occurred while \output is active []



[118]
File: basicstats_files/figure-pdf/unnamed-chunk-27-1.pdf Graphic file (type pdf)
<use basicstats_files/figure-pdf/unnamed-chunk-27-1.pdf>

Underfull \vbox (badness 10000) has occurred while \output is active []



[119]

LaTeX Warning: Hyper reference `boxplots' on page 120 undefined on input line 7023.


LaTeX Warning: Hyper reference `boxplots' on page 120 undefined on input line 7025.



[120]
Overfull \hbox (1.5pt too wide) in paragraph at lines 7038--7038
[][]\TU/lmtt/m/n/10 stat_bin()[] using []bins = 30[]. Pick better value with []binwidth[].[] 
 []

File: basicstats_files/figure-pdf/unnamed-chunk-28-1.pdf Graphic file (type pdf)
<use basicstats_files/figure-pdf/unnamed-chunk-28-1.pdf>
File: images/nothingtosee.jpg Graphic file (type bmp)
<images/nothingtosee.jpg>

Underfull \vbox (badness 10000) has occurred while \output is active []



[121]

[122]
File: basicstats_files/figure-pdf/unnamed-chunk-30-1.pdf Graphic file (type pdf)
<use basicstats_files/figure-pdf/unnamed-chunk-30-1.pdf>
[123]
File: basicstats_files/figure-pdf/unnamed-chunk-32-1.pdf Graphic file (type pdf)
<use basicstats_files/figure-pdf/unnamed-chunk-32-1.pdf>
File: basicstats_files/figure-pdf/unnamed-chunk-32-2.pdf Graphic file (type pdf)
<use basicstats_files/figure-pdf/unnamed-chunk-32-2.pdf>


[124]
File: basicstats_files/figure-pdf/unnamed-chunk-33-1.pdf Graphic file (type pdf)
<use basicstats_files/figure-pdf/unnamed-chunk-33-1.pdf>
File: basicstats_files/figure-pdf/unnamed-chunk-33-2.pdf Graphic file (type pdf)
<use basicstats_files/figure-pdf/unnamed-chunk-33-2.pdf>


[125]
File: basicstats_files/figure-pdf/unnamed-chunk-34-1.pdf Graphic file (type pdf)
<use basicstats_files/figure-pdf/unnamed-chunk-34-1.pdf>


[126]
File: basicstats_files/figure-pdf/unnamed-chunk-35-1.pdf Graphic file (type pdf)
<use basicstats_files/figure-pdf/unnamed-chunk-35-1.pdf>
File: basicstats_files/figure-pdf/unnamed-chunk-36-1.pdf Graphic file (type pdf)
<use basicstats_files/figure-pdf/unnamed-chunk-36-1.pdf>

Underfull \vbox (badness 10000) has occurred while \output is active []



[127]
File: basicstats_files/figure-pdf/unnamed-chunk-37-1.pdf Graphic file (type pdf)
<use basicstats_files/figure-pdf/unnamed-chunk-37-1.pdf>

Underfull \vbox (badness 10000) has occurred while \output is active []



[128]
File: basicstats_files/figure-pdf/unnamed-chunk-38-1.pdf Graphic file (type pdf)
<use basicstats_files/figure-pdf/unnamed-chunk-38-1.pdf>

Underfull \vbox (badness 10000) has occurred while \output is active []



[129]

LaTeX Warning: Reference `fig-padme-anakin' on page 130 undefined on input line 7434.

File: basicstats_files/figure-pdf/unnamed-chunk-39-1.pdf Graphic file (type pdf)
<use basicstats_files/figure-pdf/unnamed-chunk-39-1.pdf>

Underfull \vbox (badness 2205) has occurred while \output is active []



[130]
File: basicstats_files/figure-pdf/unnamed-chunk-40-1.pdf Graphic file (type pdf)
<use basicstats_files/figure-pdf/unnamed-chunk-40-1.pdf>

Underfull \vbox (badness 10000) has occurred while \output is active []



[131]
File: images/piecharts.jpg Graphic file (type bmp)
<images/piecharts.jpg>


[132]
File: basicstats_files/figure-pdf/unnamed-chunk-42-1.pdf Graphic file (type pdf)
<use basicstats_files/figure-pdf/unnamed-chunk-42-1.pdf>


[133]
File: basicstats_files/figure-pdf/unnamed-chunk-43-1.pdf Graphic file (type pdf)
<use basicstats_files/figure-pdf/unnamed-chunk-43-1.pdf>
File: images/donut.jpg Graphic file (type bmp)
<images/donut.jpg>


[134]
File: basicstats_files/figure-pdf/unnamed-chunk-45-1.pdf Graphic file (type pdf)
<use basicstats_files/figure-pdf/unnamed-chunk-45-1.pdf>


[135]
File: basicstats_files/figure-pdf/unnamed-chunk-46-1.pdf Graphic file (type pdf)
<use basicstats_files/figure-pdf/unnamed-chunk-46-1.pdf>

Overfull \hbox (33.0pt too wide) in paragraph at lines 7624--7624
[]  \TU/lmtt/m/n/10 state district democA voteA expendA expendB prtystrA lexpendA lexpendB[] 
 []


Overfull \hbox (33.0pt too wide) in paragraph at lines 7625--7625
[]\TU/lmtt/m/n/10 1    AL        7      1    68 328.296   8.737       41 5.793916 2.167567[] 
 []


Overfull \hbox (33.0pt too wide) in paragraph at lines 7626--7626
[]\TU/lmtt/m/n/10 2    AK        1      0    62 626.377 402.477       60 6.439952 5.997638[] 
 []


Overfull \hbox (33.0pt too wide) in paragraph at lines 7627--7627
[]\TU/lmtt/m/n/10 3    AZ        2      1    73  99.607   3.065       55 4.601233 1.120048[] 
 []


Overfull \hbox (33.0pt too wide) in paragraph at lines 7628--7628
[]\TU/lmtt/m/n/10 4    AZ        3      0    69 319.690  26.281       64 5.767352 3.268846[] 
 []


Overfull \hbox (33.0pt too wide) in paragraph at lines 7629--7629
[]\TU/lmtt/m/n/10 5    AR        3      0    75 159.221  60.054       66 5.070293 4.095244[] 
 []


Overfull \hbox (33.0pt too wide) in paragraph at lines 7630--7630
[]\TU/lmtt/m/n/10 6    AR        4      1    69 570.155  21.393       46 6.345908 3.063064[] 
 []



[136]
File: basicstats_files/figure-pdf/unnamed-chunk-52-1.pdf Graphic file (type pdf)
<use basicstats_files/figure-pdf/unnamed-chunk-52-1.pdf>

Underfull \vbox (badness 10000) has occurred while \output is active []



[137]
Overfull \hbox (4.45001pt too wide) in paragraph at lines 7695--7697
[]\TU/lmr/m/n/10 Perhaps you want to see the line of best fit? We can add the \TU/lmtt/m/n/10 geom_smooth(method
 []

File: basicstats_files/figure-pdf/unnamed-chunk-53-1.pdf Graphic file (type pdf)
<use basicstats_files/figure-pdf/unnamed-chunk-53-1.pdf>

Underfull \vbox (badness 10000) has occurred while \output is active []



[138]
File: basicstats_files/figure-pdf/unnamed-chunk-54-1.pdf Graphic file (type pdf)
<use basicstats_files/figure-pdf/unnamed-chunk-54-1.pdf>

Underfull \vbox (badness 10000) has occurred while \output is active []



[139]
File: basicstats_files/figure-pdf/unnamed-chunk-55-1.pdf Graphic file (type pdf)
<use basicstats_files/figure-pdf/unnamed-chunk-55-1.pdf>

Underfull \vbox (badness 10000) has occurred while \output is active []



[140]

[141]
File: basicstats_files/figure-pdf/unnamed-chunk-59-1.pdf Graphic file (type pdf)
<use basicstats_files/figure-pdf/unnamed-chunk-59-1.pdf>

Underfull \vbox (badness 10000) has occurred while \output is active []



[142]

LaTeX Warning: Hyper reference `grammar-of-graphics' on page 143 undefined on input line 7863.


LaTeX Warning: Hyper reference `bar-and-pie-charts' on page 143 undefined on input line 7882.



[143]
Overfull \hbox (21.57286pt too wide) in paragraph at lines 7930--7930
[]\TU/lmtt/m/n/10 Error in eval(expr, envir, enclos): object []occupation[] not found[] 
 []


Overfull \hbox (21.57286pt too wide) in paragraph at lines 7958--7958
[]    \TU/lmtt/m/n/10 worker  technical   services     office      sales management[] 
 []


Overfull \hbox (21.57286pt too wide) in paragraph at lines 7959--7959
[]       \TU/lmtt/m/n/10 156        105         83         97         38         55[] 
 []



[144]

[145]
File: images/meanoutlier.jpg Graphic file (type bmp)
<images/meanoutlier.jpg>


[146]

[147]
File: basicstats_files/figure-pdf/unnamed-chunk-78-1.pdf Graphic file (type pdf)
<use basicstats_files/figure-pdf/unnamed-chunk-78-1.pdf>


[148]

[149]

LaTeX Warning: Reference `sec-inferstats' on page 150 undefined on input line 8364.



[150]

[151]

[152]
Chapter 6.


[153

]
File: images/guinness.jpg Graphic file (type bmp)
<images/guinness.jpg>


[154]
File: inferstats_files/figure-pdf/unnamed-chunk-4-1.pdf Graphic file (type pdf)
<use inferstats_files/figure-pdf/unnamed-chunk-4-1.pdf>


[155]
File: images/significantharry.jpg Graphic file (type bmp)
<images/significantharry.jpg>

Underfull \vbox (badness 10000) has occurred while \output is active []



[156]

[157]
File: images/scientific_spidey.jpg Graphic file (type bmp)
<images/scientific_spidey.jpg>

Underfull \vbox (badness 2799) has occurred while \output is active []



[158]
Overfull \hbox (27.75pt too wide) in paragraph at lines 8824--8824
[] \TU/lmtt/m/n/10 [1] "statistic"   "parameter"   "p.value"     "conf.int"    "estimate"[] 
 []


Overfull \hbox (33.0pt too wide) in paragraph at lines 8825--8825
[] \TU/lmtt/m/n/10 [6] "null.value"  "stderr"      "alternative" "method"      "data.name"[] 
 []



[159]

[160]
File: inferstats_files/figure-pdf/unnamed-chunk-14-1.pdf Graphic file (type pdf)
<use inferstats_files/figure-pdf/unnamed-chunk-14-1.pdf>
File: inferstats_files/figure-pdf/unnamed-chunk-14-2.pdf Graphic file (type pdf)
<use inferstats_files/figure-pdf/unnamed-chunk-14-2.pdf>

Underfull \vbox (badness 10000) has occurred while \output is active []



[161]

[162]
Overfull \hbox (180.0pt too wide) in paragraph at lines 9084--9084
[]\TU/lmtt/m/n/10 alternative hypothesis: true difference in means between group 18-49 and group 50+ is not equal to 0[] 
 []


Underfull \hbox (badness 1205) in paragraph at lines 9092--9105
[]\TU/lmr/m/n/10 The first argument in this code is a little tricky, so lets take a sec-
 []



[163]
Overfull \hbox (180.0pt too wide) in paragraph at lines 9155--9155
[]\TU/lmtt/m/n/10 alternative hypothesis: true difference in means between group 18-49 and group 50+ is not equal to 0[] 
 []



[164]

LaTeX Warning: Reference `sec-basicstats' on page 165 undefined on input line 9223.


Underfull \vbox (badness 7925) has occurred while \output is active []



[165]
File: inferstats_files/figure-pdf/unnamed-chunk-17-1.pdf Graphic file (type pdf)
<use inferstats_files/figure-pdf/unnamed-chunk-17-1.pdf>


[166]

[167]
File: inferstats_files/figure-pdf/unnamed-chunk-21-1.pdf Graphic file (type pdf)
<use inferstats_files/figure-pdf/unnamed-chunk-21-1.pdf>
File: inferstats_files/figure-pdf/unnamed-chunk-22-1.pdf Graphic file (type pdf)
<use inferstats_files/figure-pdf/unnamed-chunk-22-1.pdf>

Underfull \vbox (badness 10000) has occurred while \output is active []



[168]

[169]
File: inferstats_files/figure-pdf/unnamed-chunk-23-1.pdf Graphic file (type pdf)
<use inferstats_files/figure-pdf/unnamed-chunk-23-1.pdf>

Underfull \vbox (badness 10000) has occurred while \output is active []



[170]

[171]

[172]
File: inferstats_files/figure-pdf/unnamed-chunk-26-1.pdf Graphic file (type pdf)
<use inferstats_files/figure-pdf/unnamed-chunk-26-1.pdf>


[173]

LaTeX Warning: Reference `sec-categoricalIV' on page 174 undefined on input line 9611.



[174]
File: inferstats_files/figure-pdf/unnamed-chunk-29-1.pdf Graphic file (type pdf)
<use inferstats_files/figure-pdf/unnamed-chunk-29-1.pdf>


[175]

[176]
Overfull \hbox (43.22pt too wide) in paragraph at lines 9756--9767
[]\TU/lmr/m/n/10 Install the \TU/lmtt/m/n/10 palmerpenguins \TU/lmr/m/n/10 package using \TU/lmtt/m/n/10 install.packages("palmerpenguins")\TU/lmr/m/n/10 ,
 []



[177]

[178

]
Chapter 7.


[179]

LaTeX Warning: Reference `sec-basicstats' on page 180 undefined on input line 9882.



[180]

LaTeX Warning: File `basicreg_files/figure-pdf/unnamed-chunk-3-1.pdf' not found on input line 9922.

! Unable to load picture or PDF file 'basicreg_files/figure-pdf/unnamed-chunk-3-1.pdf'.
<to be read again> 
                   }
l.9922 ...files/figure-pdf/unnamed-chunk-3-1.pdf}}
                                                   
Here is how much of TeX's memory you used:
 36571 strings out of 476172
 757982 string characters out of 5782760
 1949612 words of memory out of 5000000
 58534 multiletter control sequences out of 15000+600000
 564873 words of font info for 95 fonts, out of 8000000 for 9000
 36 hyphenation exceptions out of 8191
 98i,11n,123p,1002b,1043s stack positions out of 10000i,1000n,20000p,200000b,200000s

Output written on index.pdf (184 pages).
